# Logfile created on 2014-12-18 11:07:10 +0900 by logger.rb/31641
starting
01
Thu, 18 Dec 2014 11:07:11 +0900

>  1 jobs are going to be submitted
> priority: 0
> 
submitting jobs to 01: []
> priority: 1
> 
submitting jobs to 01: []
> priority: 2
> 
submitting jobs to 01: []
02
Thu, 18 Dec 2014 11:07:11 +0900

>  1 jobs are going to be submitted
> priority: 0
> 
submitting jobs to 02: []
> priority: 1
> 
submitting jobs to 02: []
> priority: 2
> 
submitting jobs to 02: []
03
Thu, 18 Dec 2014 11:07:11 +0900

>  1 jobs are going to be submitted
> priority: 0
> 
submitting jobs to 03: []
> priority: 1
> 
submitting jobs to 03: []
> priority: 2
> 
submitting jobs to 03: []
04
Thu, 18 Dec 2014 11:07:11 +0900

>  1 jobs are going to be submitted
> priority: 0
> 
submitting jobs to 04: []
> priority: 1
> 
submitting jobs to 04: []
> priority: 2
> 
submitting jobs to 04: []
05
Thu, 18 Dec 2014 11:07:11 +0900

>  1 jobs are going to be submitted
> priority: 0
> 
submitting jobs to 05: []
> priority: 1
> 
submitting jobs to 05: []
> priority: 2
> 
submitting jobs to 05: []
06
Thu, 18 Dec 2014 11:07:11 +0900

>  1 jobs are going to be submitted
> priority: 0
> 
submitting jobs to 06: []
> priority: 1
> 
submitting jobs to 06: []
> priority: 2
> 
submitting jobs to 06: []
07
Thu, 18 Dec 2014 11:07:11 +0900

>  1 jobs are going to be submitted
> priority: 0
> 
submitting jobs to 07: []
> priority: 1
> 
submitting jobs to 07: []
> priority: 2
> 
submitting jobs to 07: []
08
Thu, 18 Dec 2014 11:07:11 +0900

>  1 jobs are going to be submitted
> priority: 0
> 
submitting jobs to 08: []
> priority: 1
> 
submitting jobs to 08: []
> priority: 2
> 
submitting jobs to 08: []
09
Thu, 18 Dec 2014 11:07:11 +0900

>  1 jobs are going to be submitted
> priority: 0
> 
submitting jobs to 09: []
> priority: 1
> 
submitting jobs to 09: []
> priority: 2
> 
submitting jobs to 09: []
10
Thu, 18 Dec 2014 11:07:11 +0900

>  1 jobs are going to be submitted
> priority: 0
> 
submitting jobs to 10: []
> priority: 1
> 
submitting jobs to 10: []
> priority: 2
> 
submitting jobs to 10: []
11
Thu, 18 Dec 2014 11:07:11 +0900

>  1 jobs are going to be submitted
> priority: 0
> 
submitting jobs to 11: []
> priority: 1
> 
submitting jobs to 11: []
> priority: 2
> 
submitting jobs to 11: []
12
Thu, 18 Dec 2014 11:07:11 +0900

>  1 jobs are going to be submitted
> priority: 0
> 
submitting jobs to 12: []
> priority: 1
> 
submitting jobs to 12: []
> priority: 2
> 
submitting jobs to 12: []
13
Thu, 18 Dec 2014 11:07:11 +0900

>  1 jobs are going to be submitted
> priority: 0
> 
submitting jobs to 13: []
> priority: 1
> 
submitting jobs to 13: []
> priority: 2
> 
submitting jobs to 13: []
14
Thu, 18 Dec 2014 11:07:11 +0900

>  1 jobs are going to be submitted
> priority: 0
> 
submitting jobs to 14: []
> priority: 1
> 
submitting jobs to 14: []
> priority: 2
> 
submitting jobs to 14: []
15
Thu, 18 Dec 2014 11:07:11 +0900

>  1 jobs are going to be submitted
> priority: 0
> 
submitting jobs to 15: []
> priority: 1
> 
submitting jobs to 15: []
> priority: 2
> 
submitting jobs to 15: []
16
Thu, 18 Dec 2014 11:07:11 +0900

>  1 jobs are going to be submitted
> priority: 0
> 
submitting jobs to 16: []
> priority: 1
> 
submitting jobs to 16: []
> priority: 2
> 
submitting jobs to 16: []
17
Thu, 18 Dec 2014 11:07:11 +0900

>  1 jobs are going to be submitted
> priority: 0
> 
submitting jobs to 17: []
> priority: 1
> 
submitting jobs to 17: []
> priority: 2
> 
submitting jobs to 17: []
18
Thu, 18 Dec 2014 11:07:11 +0900

>  1 jobs are going to be submitted
> priority: 0
> 
submitting jobs to 18: []
> priority: 1
> 
submitting jobs to 18: []
> priority: 2
> 
submitting jobs to 18: []
19
Thu, 18 Dec 2014 11:07:11 +0900

>  1 jobs are going to be submitted
> priority: 0
> 
submitting jobs to 19: []
> priority: 1
> 
submitting jobs to 19: []
> priority: 2
> 
submitting jobs to 19: []
20
Thu, 18 Dec 2014 11:07:11 +0900

>  1 jobs are going to be submitted
> priority: 0
> 
submitting jobs to 20: []
> priority: 1
> 
submitting jobs to 20: []
> priority: 2
> 
submitting jobs to 20: []
medusagw
Thu, 18 Dec 2014 11:07:11 +0900

>  1 jobs are going to be submitted
> priority: 0
> 
submitting jobs to medusagw: []
> priority: 1
> 
submitting jobs to medusagw: []
> priority: 2
> 
submitting jobs to medusagw: []
localhost
Thu, 18 Dec 2014 11:07:11 +0900

>  1 jobs are going to be submitted
> priority: 0
> 
submitting jobs to localhost: []
> priority: 1
> 
submitting jobs to localhost: []
> priority: 2
> 
submitting jobs to localhost: []
observing 01
observing 02
observing 03
observing 04
observing 05
observing 06
observing 07
observing 08
observing 09
observing 10
observing 11
observing 12
observing 13
observing 14
observing 15
observing 16
observing 17
observing 18
observing 19
observing 20
observing medusagw
observing localhost
01
Thu, 18 Dec 2014 11:07:16 +0900
2014-12-18T11:07:11+09:00
02
Thu, 18 Dec 2014 11:07:16 +0900
2014-12-18T11:07:11+09:00
03
Thu, 18 Dec 2014 11:07:16 +0900
2014-12-18T11:07:11+09:00
04
Thu, 18 Dec 2014 11:07:16 +0900
2014-12-18T11:07:11+09:00
05
Thu, 18 Dec 2014 11:07:16 +0900
2014-12-18T11:07:11+09:00
06
Thu, 18 Dec 2014 11:07:16 +0900
2014-12-18T11:07:11+09:00
07
Thu, 18 Dec 2014 11:07:16 +0900
2014-12-18T11:07:11+09:00
08
Thu, 18 Dec 2014 11:07:16 +0900
2014-12-18T11:07:11+09:00
09
Thu, 18 Dec 2014 11:07:16 +0900
2014-12-18T11:07:11+09:00
10
Thu, 18 Dec 2014 11:07:16 +0900
2014-12-18T11:07:11+09:00
11
Thu, 18 Dec 2014 11:07:16 +0900
2014-12-18T11:07:11+09:00
12
Thu, 18 Dec 2014 11:07:16 +0900
2014-12-18T11:07:11+09:00
13
Thu, 18 Dec 2014 11:07:16 +0900
2014-12-18T11:07:11+09:00
14
Thu, 18 Dec 2014 11:07:16 +0900
2014-12-18T11:07:11+09:00
15
Thu, 18 Dec 2014 11:07:16 +0900
2014-12-18T11:07:11+09:00
16
Thu, 18 Dec 2014 11:07:16 +0900
2014-12-18T11:07:11+09:00
17
Thu, 18 Dec 2014 11:07:16 +0900
2014-12-18T11:07:11+09:00
18
Thu, 18 Dec 2014 11:07:16 +0900
2014-12-18T11:07:11+09:00
19
Thu, 18 Dec 2014 11:07:16 +0900
2014-12-18T11:07:11+09:00
20
Thu, 18 Dec 2014 11:07:16 +0900
2014-12-18T11:07:11+09:00
medusagw
Thu, 18 Dec 2014 11:07:16 +0900
2014-12-18T11:07:11+09:00
localhost
Thu, 18 Dec 2014 11:07:16 +0900
2014-12-18T11:07:11+09:00
01
Thu, 18 Dec 2014 11:07:21 +0900
2014-12-18T11:07:11+09:00
02
Thu, 18 Dec 2014 11:07:21 +0900
2014-12-18T11:07:11+09:00
03
Thu, 18 Dec 2014 11:07:21 +0900
2014-12-18T11:07:11+09:00
04
Thu, 18 Dec 2014 11:07:21 +0900
2014-12-18T11:07:11+09:00
05
Thu, 18 Dec 2014 11:07:21 +0900
2014-12-18T11:07:11+09:00
06
Thu, 18 Dec 2014 11:07:21 +0900
2014-12-18T11:07:11+09:00
07
Thu, 18 Dec 2014 11:07:21 +0900
2014-12-18T11:07:11+09:00
08
Thu, 18 Dec 2014 11:07:21 +0900
2014-12-18T11:07:11+09:00
09
Thu, 18 Dec 2014 11:07:21 +0900
2014-12-18T11:07:11+09:00
10
Thu, 18 Dec 2014 11:07:21 +0900
2014-12-18T11:07:11+09:00
11
Thu, 18 Dec 2014 11:07:21 +0900
2014-12-18T11:07:11+09:00
12
Thu, 18 Dec 2014 11:07:21 +0900
2014-12-18T11:07:11+09:00
13
Thu, 18 Dec 2014 11:07:21 +0900
2014-12-18T11:07:11+09:00
14
Thu, 18 Dec 2014 11:07:21 +0900
2014-12-18T11:07:11+09:00
15
Thu, 18 Dec 2014 11:07:21 +0900
2014-12-18T11:07:11+09:00
16
Thu, 18 Dec 2014 11:07:21 +0900
2014-12-18T11:07:11+09:00
17
Thu, 18 Dec 2014 11:07:21 +0900
2014-12-18T11:07:11+09:00
18
Thu, 18 Dec 2014 11:07:21 +0900
2014-12-18T11:07:11+09:00
19
Thu, 18 Dec 2014 11:07:21 +0900
2014-12-18T11:07:11+09:00
20
Thu, 18 Dec 2014 11:07:21 +0900
2014-12-18T11:07:11+09:00
medusagw
Thu, 18 Dec 2014 11:07:21 +0900
2014-12-18T11:07:11+09:00
localhost
Thu, 18 Dec 2014 11:07:21 +0900
2014-12-18T11:07:11+09:00
01
Thu, 18 Dec 2014 11:07:26 +0900
2014-12-18T11:07:11+09:00
02
Thu, 18 Dec 2014 11:07:26 +0900
2014-12-18T11:07:11+09:00
03
Thu, 18 Dec 2014 11:07:26 +0900
2014-12-18T11:07:11+09:00
04
Thu, 18 Dec 2014 11:07:26 +0900
2014-12-18T11:07:11+09:00
05
Thu, 18 Dec 2014 11:07:26 +0900
2014-12-18T11:07:11+09:00
06
Thu, 18 Dec 2014 11:07:26 +0900
2014-12-18T11:07:11+09:00
07
Thu, 18 Dec 2014 11:07:26 +0900
2014-12-18T11:07:11+09:00
08
Thu, 18 Dec 2014 11:07:26 +0900
2014-12-18T11:07:11+09:00
09
Thu, 18 Dec 2014 11:07:26 +0900
2014-12-18T11:07:11+09:00
10
Thu, 18 Dec 2014 11:07:26 +0900
2014-12-18T11:07:11+09:00
11
Thu, 18 Dec 2014 11:07:26 +0900
2014-12-18T11:07:11+09:00
12
Thu, 18 Dec 2014 11:07:26 +0900
2014-12-18T11:07:11+09:00
13
Thu, 18 Dec 2014 11:07:26 +0900
2014-12-18T11:07:11+09:00
14
Thu, 18 Dec 2014 11:07:26 +0900
2014-12-18T11:07:11+09:00
15
Thu, 18 Dec 2014 11:07:26 +0900
2014-12-18T11:07:11+09:00
16
Thu, 18 Dec 2014 11:07:26 +0900
2014-12-18T11:07:11+09:00
17
Thu, 18 Dec 2014 11:07:26 +0900
2014-12-18T11:07:11+09:00
18
Thu, 18 Dec 2014 11:07:26 +0900
2014-12-18T11:07:11+09:00
19
Thu, 18 Dec 2014 11:07:26 +0900
2014-12-18T11:07:11+09:00
20
Thu, 18 Dec 2014 11:07:26 +0900
2014-12-18T11:07:11+09:00
medusagw
Thu, 18 Dec 2014 11:07:26 +0900
2014-12-18T11:07:11+09:00
localhost
Thu, 18 Dec 2014 11:07:26 +0900
2014-12-18T11:07:11+09:00
01
Thu, 18 Dec 2014 11:07:31 +0900
2014-12-18T11:07:11+09:00
02
Thu, 18 Dec 2014 11:07:31 +0900
2014-12-18T11:07:11+09:00
03
Thu, 18 Dec 2014 11:07:31 +0900
2014-12-18T11:07:11+09:00
04
Thu, 18 Dec 2014 11:07:31 +0900
2014-12-18T11:07:11+09:00
05
Thu, 18 Dec 2014 11:07:31 +0900
2014-12-18T11:07:11+09:00
06
Thu, 18 Dec 2014 11:07:31 +0900
2014-12-18T11:07:11+09:00
07
Thu, 18 Dec 2014 11:07:31 +0900
2014-12-18T11:07:11+09:00
08
Thu, 18 Dec 2014 11:07:31 +0900
2014-12-18T11:07:11+09:00
09
Thu, 18 Dec 2014 11:07:31 +0900
2014-12-18T11:07:11+09:00
10
Thu, 18 Dec 2014 11:07:31 +0900
2014-12-18T11:07:11+09:00
11
Thu, 18 Dec 2014 11:07:31 +0900
2014-12-18T11:07:11+09:00
12
Thu, 18 Dec 2014 11:07:31 +0900
2014-12-18T11:07:11+09:00
13
Thu, 18 Dec 2014 11:07:31 +0900
2014-12-18T11:07:11+09:00
14
Thu, 18 Dec 2014 11:07:31 +0900
2014-12-18T11:07:11+09:00
15
Thu, 18 Dec 2014 11:07:31 +0900
2014-12-18T11:07:11+09:00
16
Thu, 18 Dec 2014 11:07:31 +0900
2014-12-18T11:07:11+09:00
17
Thu, 18 Dec 2014 11:07:31 +0900
2014-12-18T11:07:11+09:00
18
Thu, 18 Dec 2014 11:07:31 +0900
2014-12-18T11:07:11+09:00
19
Thu, 18 Dec 2014 11:07:31 +0900
2014-12-18T11:07:11+09:00
20
Thu, 18 Dec 2014 11:07:31 +0900
2014-12-18T11:07:11+09:00
medusagw
Thu, 18 Dec 2014 11:07:31 +0900
2014-12-18T11:07:11+09:00
localhost
Thu, 18 Dec 2014 11:07:31 +0900
2014-12-18T11:07:11+09:00
01
Thu, 18 Dec 2014 11:07:36 +0900
2014-12-18T11:07:11+09:00
02
Thu, 18 Dec 2014 11:07:36 +0900
2014-12-18T11:07:11+09:00
03
Thu, 18 Dec 2014 11:07:36 +0900
2014-12-18T11:07:11+09:00
04
Thu, 18 Dec 2014 11:07:36 +0900
2014-12-18T11:07:11+09:00
05
Thu, 18 Dec 2014 11:07:36 +0900
2014-12-18T11:07:11+09:00
06
Thu, 18 Dec 2014 11:07:36 +0900
2014-12-18T11:07:11+09:00
07
Thu, 18 Dec 2014 11:07:36 +0900
2014-12-18T11:07:11+09:00
08
Thu, 18 Dec 2014 11:07:36 +0900
2014-12-18T11:07:11+09:00
09
Thu, 18 Dec 2014 11:07:36 +0900
2014-12-18T11:07:11+09:00
10
Thu, 18 Dec 2014 11:07:36 +0900
2014-12-18T11:07:11+09:00
11
Thu, 18 Dec 2014 11:07:36 +0900
2014-12-18T11:07:11+09:00
12
Thu, 18 Dec 2014 11:07:36 +0900
2014-12-18T11:07:11+09:00
13
Thu, 18 Dec 2014 11:07:36 +0900
2014-12-18T11:07:11+09:00
14
Thu, 18 Dec 2014 11:07:36 +0900
2014-12-18T11:07:11+09:00
15
Thu, 18 Dec 2014 11:07:36 +0900
2014-12-18T11:07:11+09:00
16
Thu, 18 Dec 2014 11:07:36 +0900
2014-12-18T11:07:11+09:00
17
Thu, 18 Dec 2014 11:07:36 +0900
2014-12-18T11:07:11+09:00
18
Thu, 18 Dec 2014 11:07:36 +0900
2014-12-18T11:07:11+09:00
19
Thu, 18 Dec 2014 11:07:36 +0900
2014-12-18T11:07:11+09:00
20
Thu, 18 Dec 2014 11:07:36 +0900
2014-12-18T11:07:11+09:00
medusagw
Thu, 18 Dec 2014 11:07:36 +0900
2014-12-18T11:07:11+09:00
localhost
Thu, 18 Dec 2014 11:07:36 +0900
2014-12-18T11:07:11+09:00
01
Thu, 18 Dec 2014 11:07:41 +0900
2014-12-18T11:07:11+09:00
02
Thu, 18 Dec 2014 11:07:41 +0900
2014-12-18T11:07:11+09:00
03
Thu, 18 Dec 2014 11:07:41 +0900
2014-12-18T11:07:11+09:00
04
Thu, 18 Dec 2014 11:07:41 +0900
2014-12-18T11:07:11+09:00
05
Thu, 18 Dec 2014 11:07:41 +0900
2014-12-18T11:07:11+09:00
06
Thu, 18 Dec 2014 11:07:41 +0900
2014-12-18T11:07:11+09:00
07
Thu, 18 Dec 2014 11:07:41 +0900
2014-12-18T11:07:11+09:00
08
Thu, 18 Dec 2014 11:07:41 +0900
2014-12-18T11:07:11+09:00
09
Thu, 18 Dec 2014 11:07:41 +0900
2014-12-18T11:07:11+09:00
10
Thu, 18 Dec 2014 11:07:41 +0900
2014-12-18T11:07:11+09:00
11
Thu, 18 Dec 2014 11:07:41 +0900
2014-12-18T11:07:11+09:00
12
Thu, 18 Dec 2014 11:07:41 +0900
2014-12-18T11:07:11+09:00
13
Thu, 18 Dec 2014 11:07:41 +0900
2014-12-18T11:07:11+09:00
14
Thu, 18 Dec 2014 11:07:41 +0900
2014-12-18T11:07:11+09:00
15
Thu, 18 Dec 2014 11:07:41 +0900
2014-12-18T11:07:11+09:00
16
Thu, 18 Dec 2014 11:07:41 +0900
2014-12-18T11:07:11+09:00
17
Thu, 18 Dec 2014 11:07:41 +0900
2014-12-18T11:07:11+09:00
18
Thu, 18 Dec 2014 11:07:41 +0900
2014-12-18T11:07:11+09:00
19
Thu, 18 Dec 2014 11:07:41 +0900
2014-12-18T11:07:11+09:00
20
Thu, 18 Dec 2014 11:07:41 +0900
2014-12-18T11:07:11+09:00
medusagw
Thu, 18 Dec 2014 11:07:41 +0900
2014-12-18T11:07:11+09:00
localhost
Thu, 18 Dec 2014 11:07:41 +0900
2014-12-18T11:07:11+09:00
01
Thu, 18 Dec 2014 11:07:46 +0900
2014-12-18T11:07:11+09:00
02
Thu, 18 Dec 2014 11:07:46 +0900
2014-12-18T11:07:11+09:00
03
Thu, 18 Dec 2014 11:07:46 +0900
2014-12-18T11:07:11+09:00
04
Thu, 18 Dec 2014 11:07:46 +0900
2014-12-18T11:07:11+09:00
05
Thu, 18 Dec 2014 11:07:46 +0900
2014-12-18T11:07:11+09:00
06
Thu, 18 Dec 2014 11:07:46 +0900
2014-12-18T11:07:11+09:00
07
Thu, 18 Dec 2014 11:07:46 +0900
2014-12-18T11:07:11+09:00
08
Thu, 18 Dec 2014 11:07:46 +0900
2014-12-18T11:07:11+09:00
09
Thu, 18 Dec 2014 11:07:46 +0900
2014-12-18T11:07:11+09:00
10
Thu, 18 Dec 2014 11:07:46 +0900
2014-12-18T11:07:11+09:00
11
Thu, 18 Dec 2014 11:07:46 +0900
2014-12-18T11:07:11+09:00
12
Thu, 18 Dec 2014 11:07:46 +0900
2014-12-18T11:07:11+09:00
13
Thu, 18 Dec 2014 11:07:46 +0900
2014-12-18T11:07:11+09:00
14
Thu, 18 Dec 2014 11:07:46 +0900
2014-12-18T11:07:11+09:00
15
Thu, 18 Dec 2014 11:07:46 +0900
2014-12-18T11:07:11+09:00
16
Thu, 18 Dec 2014 11:07:46 +0900
2014-12-18T11:07:11+09:00
17
Thu, 18 Dec 2014 11:07:46 +0900
2014-12-18T11:07:11+09:00
18
Thu, 18 Dec 2014 11:07:46 +0900
2014-12-18T11:07:11+09:00
19
Thu, 18 Dec 2014 11:07:46 +0900
2014-12-18T11:07:11+09:00
20
Thu, 18 Dec 2014 11:07:46 +0900
2014-12-18T11:07:11+09:00
medusagw
Thu, 18 Dec 2014 11:07:46 +0900
2014-12-18T11:07:11+09:00
localhost
Thu, 18 Dec 2014 11:07:46 +0900
2014-12-18T11:07:11+09:00
01
Thu, 18 Dec 2014 11:07:51 +0900
2014-12-18T11:07:11+09:00
02
Thu, 18 Dec 2014 11:07:51 +0900
2014-12-18T11:07:11+09:00
03
Thu, 18 Dec 2014 11:07:51 +0900
2014-12-18T11:07:11+09:00
04
Thu, 18 Dec 2014 11:07:51 +0900
2014-12-18T11:07:11+09:00
05
Thu, 18 Dec 2014 11:07:51 +0900
2014-12-18T11:07:11+09:00
06
Thu, 18 Dec 2014 11:07:51 +0900
2014-12-18T11:07:11+09:00
07
Thu, 18 Dec 2014 11:07:51 +0900
2014-12-18T11:07:11+09:00
08
Thu, 18 Dec 2014 11:07:51 +0900
2014-12-18T11:07:11+09:00
09
Thu, 18 Dec 2014 11:07:51 +0900
2014-12-18T11:07:11+09:00
10
Thu, 18 Dec 2014 11:07:51 +0900
2014-12-18T11:07:11+09:00
11
Thu, 18 Dec 2014 11:07:51 +0900
2014-12-18T11:07:11+09:00
12
Thu, 18 Dec 2014 11:07:51 +0900
2014-12-18T11:07:11+09:00
13
Thu, 18 Dec 2014 11:07:51 +0900
2014-12-18T11:07:11+09:00
14
Thu, 18 Dec 2014 11:07:51 +0900
2014-12-18T11:07:11+09:00
15
Thu, 18 Dec 2014 11:07:51 +0900
2014-12-18T11:07:11+09:00
16
Thu, 18 Dec 2014 11:07:51 +0900
2014-12-18T11:07:11+09:00
17
Thu, 18 Dec 2014 11:07:51 +0900
2014-12-18T11:07:11+09:00
18
Thu, 18 Dec 2014 11:07:51 +0900
2014-12-18T11:07:11+09:00
19
Thu, 18 Dec 2014 11:07:51 +0900
2014-12-18T11:07:11+09:00
20
Thu, 18 Dec 2014 11:07:51 +0900
2014-12-18T11:07:11+09:00
medusagw
Thu, 18 Dec 2014 11:07:51 +0900
2014-12-18T11:07:11+09:00
localhost
Thu, 18 Dec 2014 11:07:51 +0900
2014-12-18T11:07:11+09:00
01
Thu, 18 Dec 2014 11:07:56 +0900
2014-12-18T11:07:11+09:00
02
Thu, 18 Dec 2014 11:07:56 +0900
2014-12-18T11:07:11+09:00
03
Thu, 18 Dec 2014 11:07:56 +0900
2014-12-18T11:07:11+09:00
04
Thu, 18 Dec 2014 11:07:56 +0900
2014-12-18T11:07:11+09:00
05
Thu, 18 Dec 2014 11:07:56 +0900
2014-12-18T11:07:11+09:00
06
Thu, 18 Dec 2014 11:07:56 +0900
2014-12-18T11:07:11+09:00
07
Thu, 18 Dec 2014 11:07:56 +0900
2014-12-18T11:07:11+09:00
08
Thu, 18 Dec 2014 11:07:56 +0900
2014-12-18T11:07:11+09:00
09
Thu, 18 Dec 2014 11:07:56 +0900
2014-12-18T11:07:11+09:00
10
Thu, 18 Dec 2014 11:07:56 +0900
2014-12-18T11:07:11+09:00
11
Thu, 18 Dec 2014 11:07:56 +0900
2014-12-18T11:07:11+09:00
12
Thu, 18 Dec 2014 11:07:56 +0900
2014-12-18T11:07:11+09:00
13
Thu, 18 Dec 2014 11:07:56 +0900
2014-12-18T11:07:11+09:00
14
Thu, 18 Dec 2014 11:07:56 +0900
2014-12-18T11:07:11+09:00
15
Thu, 18 Dec 2014 11:07:56 +0900
2014-12-18T11:07:11+09:00
16
Thu, 18 Dec 2014 11:07:56 +0900
2014-12-18T11:07:11+09:00
17
Thu, 18 Dec 2014 11:07:56 +0900
2014-12-18T11:07:11+09:00
18
Thu, 18 Dec 2014 11:07:56 +0900
2014-12-18T11:07:11+09:00
19
Thu, 18 Dec 2014 11:07:56 +0900
2014-12-18T11:07:11+09:00
20
Thu, 18 Dec 2014 11:07:56 +0900
2014-12-18T11:07:11+09:00
medusagw
Thu, 18 Dec 2014 11:07:56 +0900
2014-12-18T11:07:11+09:00
localhost
Thu, 18 Dec 2014 11:07:56 +0900
2014-12-18T11:07:11+09:00
01
Thu, 18 Dec 2014 11:08:01 +0900
2014-12-18T11:07:11+09:00
02
Thu, 18 Dec 2014 11:08:01 +0900
2014-12-18T11:07:11+09:00
03
Thu, 18 Dec 2014 11:08:01 +0900
2014-12-18T11:07:11+09:00
04
Thu, 18 Dec 2014 11:08:01 +0900
2014-12-18T11:07:11+09:00
05
Thu, 18 Dec 2014 11:08:01 +0900
2014-12-18T11:07:11+09:00
06
Thu, 18 Dec 2014 11:08:01 +0900
2014-12-18T11:07:11+09:00
07
Thu, 18 Dec 2014 11:08:01 +0900
2014-12-18T11:07:11+09:00
08
Thu, 18 Dec 2014 11:08:01 +0900
2014-12-18T11:07:11+09:00
09
Thu, 18 Dec 2014 11:08:01 +0900
2014-12-18T11:07:11+09:00
10
Thu, 18 Dec 2014 11:08:01 +0900
2014-12-18T11:07:11+09:00
11
Thu, 18 Dec 2014 11:08:01 +0900
2014-12-18T11:07:11+09:00
12
Thu, 18 Dec 2014 11:08:01 +0900
2014-12-18T11:07:11+09:00
13
Thu, 18 Dec 2014 11:08:01 +0900
2014-12-18T11:07:11+09:00
14
Thu, 18 Dec 2014 11:08:01 +0900
2014-12-18T11:07:11+09:00
15
Thu, 18 Dec 2014 11:08:01 +0900
2014-12-18T11:07:11+09:00
16
Thu, 18 Dec 2014 11:08:01 +0900
2014-12-18T11:07:11+09:00
17
Thu, 18 Dec 2014 11:08:01 +0900
2014-12-18T11:07:11+09:00
18
Thu, 18 Dec 2014 11:08:01 +0900
2014-12-18T11:07:11+09:00
19
Thu, 18 Dec 2014 11:08:01 +0900
2014-12-18T11:07:11+09:00
20
Thu, 18 Dec 2014 11:08:01 +0900
2014-12-18T11:07:11+09:00
medusagw
Thu, 18 Dec 2014 11:08:01 +0900
2014-12-18T11:07:11+09:00
localhost
Thu, 18 Dec 2014 11:08:01 +0900
2014-12-18T11:07:11+09:00
01
Thu, 18 Dec 2014 11:08:06 +0900
2014-12-18T11:07:11+09:00
02
Thu, 18 Dec 2014 11:08:06 +0900
2014-12-18T11:07:11+09:00
03
Thu, 18 Dec 2014 11:08:06 +0900
2014-12-18T11:07:11+09:00
04
Thu, 18 Dec 2014 11:08:06 +0900
2014-12-18T11:07:11+09:00
05
Thu, 18 Dec 2014 11:08:06 +0900
2014-12-18T11:07:11+09:00
06
Thu, 18 Dec 2014 11:08:06 +0900
2014-12-18T11:07:11+09:00
07
Thu, 18 Dec 2014 11:08:06 +0900
2014-12-18T11:07:11+09:00
08
Thu, 18 Dec 2014 11:08:06 +0900
2014-12-18T11:07:11+09:00
09
Thu, 18 Dec 2014 11:08:06 +0900
2014-12-18T11:07:11+09:00
10
Thu, 18 Dec 2014 11:08:06 +0900
2014-12-18T11:07:11+09:00
11
Thu, 18 Dec 2014 11:08:06 +0900
2014-12-18T11:07:11+09:00
12
Thu, 18 Dec 2014 11:08:06 +0900
2014-12-18T11:07:11+09:00
13
Thu, 18 Dec 2014 11:08:06 +0900
2014-12-18T11:07:11+09:00
14
Thu, 18 Dec 2014 11:08:06 +0900
2014-12-18T11:07:11+09:00
15
Thu, 18 Dec 2014 11:08:06 +0900
2014-12-18T11:07:11+09:00
16
Thu, 18 Dec 2014 11:08:06 +0900
2014-12-18T11:07:11+09:00
17
Thu, 18 Dec 2014 11:08:06 +0900
2014-12-18T11:07:11+09:00
18
Thu, 18 Dec 2014 11:08:06 +0900
2014-12-18T11:07:11+09:00
19
Thu, 18 Dec 2014 11:08:06 +0900
2014-12-18T11:07:11+09:00
20
Thu, 18 Dec 2014 11:08:06 +0900
2014-12-18T11:07:11+09:00
medusagw
Thu, 18 Dec 2014 11:08:06 +0900
2014-12-18T11:07:11+09:00
localhost
Thu, 18 Dec 2014 11:08:06 +0900
2014-12-18T11:07:11+09:00
01
Thu, 18 Dec 2014 11:08:11 +0900
2014-12-18T11:07:11+09:00
>  1 jobs are going to be submitted
> priority: 0
> 
submitting jobs to 01: []
> priority: 1
> 
submitting jobs to 01: []
> priority: 2
> 
submitting jobs to 01: []
02
Thu, 18 Dec 2014 11:08:11 +0900
2014-12-18T11:07:11+09:00
>  1 jobs are going to be submitted
> priority: 0
> 
submitting jobs to 02: []
> priority: 1
> 
submitting jobs to 02: []
> priority: 2
> 
submitting jobs to 02: []
03
Thu, 18 Dec 2014 11:08:11 +0900
2014-12-18T11:07:11+09:00
>  1 jobs are going to be submitted
> priority: 0
> 
submitting jobs to 03: []
> priority: 1
> 
submitting jobs to 03: []
> priority: 2
> 
submitting jobs to 03: []
04
Thu, 18 Dec 2014 11:08:11 +0900
2014-12-18T11:07:11+09:00
>  1 jobs are going to be submitted
> priority: 0
> 
submitting jobs to 04: []
> priority: 1
> 
submitting jobs to 04: []
> priority: 2
> 
submitting jobs to 04: []
05
Thu, 18 Dec 2014 11:08:11 +0900
2014-12-18T11:07:11+09:00
>  1 jobs are going to be submitted
> priority: 0
> 
submitting jobs to 05: []
> priority: 1
> 
submitting jobs to 05: []
> priority: 2
> 
submitting jobs to 05: []
06
Thu, 18 Dec 2014 11:08:11 +0900
2014-12-18T11:07:11+09:00
>  1 jobs are going to be submitted
> priority: 0
> 
submitting jobs to 06: []
> priority: 1
> 
submitting jobs to 06: []
> priority: 2
> 
submitting jobs to 06: []
07
Thu, 18 Dec 2014 11:08:11 +0900
2014-12-18T11:07:11+09:00
>  1 jobs are going to be submitted
> priority: 0
> 
submitting jobs to 07: []
> priority: 1
> 
submitting jobs to 07: []
> priority: 2
> 
submitting jobs to 07: []
08
Thu, 18 Dec 2014 11:08:11 +0900
2014-12-18T11:07:11+09:00
>  1 jobs are going to be submitted
> priority: 0
> 
submitting jobs to 08: []
> priority: 1
> 
submitting jobs to 08: []
> priority: 2
> 
submitting jobs to 08: []
09
Thu, 18 Dec 2014 11:08:11 +0900
2014-12-18T11:07:11+09:00
>  1 jobs are going to be submitted
> priority: 0
> 
submitting jobs to 09: []
> priority: 1
> 
submitting jobs to 09: []
> priority: 2
> 
submitting jobs to 09: []
10
Thu, 18 Dec 2014 11:08:11 +0900
2014-12-18T11:07:11+09:00
>  1 jobs are going to be submitted
> priority: 0
> 
submitting jobs to 10: []
> priority: 1
> 
submitting jobs to 10: []
> priority: 2
> 
submitting jobs to 10: []
11
Thu, 18 Dec 2014 11:08:11 +0900
2014-12-18T11:07:11+09:00
>  1 jobs are going to be submitted
> priority: 0
> 
submitting jobs to 11: []
> priority: 1
> 
submitting jobs to 11: []
> priority: 2
> 
submitting jobs to 11: []
12
Thu, 18 Dec 2014 11:08:11 +0900
2014-12-18T11:07:11+09:00
>  1 jobs are going to be submitted
> priority: 0
> 
submitting jobs to 12: []
> priority: 1
> 
submitting jobs to 12: []
> priority: 2
> 
submitting jobs to 12: []
13
Thu, 18 Dec 2014 11:08:11 +0900
2014-12-18T11:07:11+09:00
>  1 jobs are going to be submitted
> priority: 0
> 
submitting jobs to 13: []
> priority: 1
> 
submitting jobs to 13: []
> priority: 2
> 
submitting jobs to 13: []
14
Thu, 18 Dec 2014 11:08:11 +0900
2014-12-18T11:07:11+09:00
>  1 jobs are going to be submitted
> priority: 0
> 
submitting jobs to 14: []
> priority: 1
> 
submitting jobs to 14: []
> priority: 2
> 
submitting jobs to 14: []
15
Thu, 18 Dec 2014 11:08:11 +0900
2014-12-18T11:07:11+09:00
>  1 jobs are going to be submitted
> priority: 0
> 
submitting jobs to 15: []
> priority: 1
> 
submitting jobs to 15: []
> priority: 2
> 
submitting jobs to 15: []
16
Thu, 18 Dec 2014 11:08:11 +0900
2014-12-18T11:07:11+09:00
>  1 jobs are going to be submitted
> priority: 0
> 
submitting jobs to 16: []
> priority: 1
> 
submitting jobs to 16: []
> priority: 2
> 
submitting jobs to 16: []
17
Thu, 18 Dec 2014 11:08:11 +0900
2014-12-18T11:07:11+09:00
>  1 jobs are going to be submitted
> priority: 0
> 
submitting jobs to 17: []
> priority: 1
> 
submitting jobs to 17: []
> priority: 2
> 
submitting jobs to 17: []
18
Thu, 18 Dec 2014 11:08:11 +0900
2014-12-18T11:07:11+09:00
>  1 jobs are going to be submitted
> priority: 0
> 
submitting jobs to 18: []
> priority: 1
> 
submitting jobs to 18: []
> priority: 2
> 
submitting jobs to 18: []
19
Thu, 18 Dec 2014 11:08:11 +0900
2014-12-18T11:07:11+09:00
>  1 jobs are going to be submitted
> priority: 0
> 
submitting jobs to 19: []
> priority: 1
> 
submitting jobs to 19: []
> priority: 2
> 
submitting jobs to 19: []
20
Thu, 18 Dec 2014 11:08:11 +0900
2014-12-18T11:07:11+09:00
>  1 jobs are going to be submitted
> priority: 0
> 
submitting jobs to 20: []
> priority: 1
> 
submitting jobs to 20: []
> priority: 2
> 
submitting jobs to 20: []
medusagw
Thu, 18 Dec 2014 11:08:11 +0900
2014-12-18T11:07:11+09:00
>  1 jobs are going to be submitted
> priority: 0
> 
submitting jobs to medusagw: []
> priority: 1
> 
submitting jobs to medusagw: []
> priority: 2
> 
submitting jobs to medusagw: []
localhost
Thu, 18 Dec 2014 11:08:11 +0900
2014-12-18T11:07:11+09:00
>  1 jobs are going to be submitted
> priority: 0
> 
submitting jobs to localhost: []
> priority: 1
> 
submitting jobs to localhost: []
> priority: 2
> 
submitting jobs to localhost: []
observing 01
observing 02
observing 03
observing 04
observing 05
observing 06
observing 07
observing 08
observing 09
observing 10
observing 11
observing 12
observing 13
observing 14
observing 15
observing 16
observing 17
observing 18
observing 19
observing 20
observing medusagw
observing localhost
01
Thu, 18 Dec 2014 11:08:16 +0900
2014-12-18T11:08:11+09:00
02
Thu, 18 Dec 2014 11:08:16 +0900
2014-12-18T11:08:11+09:00
03
Thu, 18 Dec 2014 11:08:16 +0900
2014-12-18T11:08:11+09:00
04
Thu, 18 Dec 2014 11:08:16 +0900
2014-12-18T11:08:11+09:00
05
Thu, 18 Dec 2014 11:08:16 +0900
2014-12-18T11:08:11+09:00
06
Thu, 18 Dec 2014 11:08:16 +0900
2014-12-18T11:08:11+09:00
07
Thu, 18 Dec 2014 11:08:16 +0900
2014-12-18T11:08:11+09:00
08
Thu, 18 Dec 2014 11:08:16 +0900
2014-12-18T11:08:11+09:00
09
Thu, 18 Dec 2014 11:08:16 +0900
2014-12-18T11:08:11+09:00
10
Thu, 18 Dec 2014 11:08:16 +0900
2014-12-18T11:08:11+09:00
11
Thu, 18 Dec 2014 11:08:16 +0900
2014-12-18T11:08:11+09:00
12
Thu, 18 Dec 2014 11:08:16 +0900
2014-12-18T11:08:11+09:00
13
Thu, 18 Dec 2014 11:08:16 +0900
2014-12-18T11:08:11+09:00
14
Thu, 18 Dec 2014 11:08:16 +0900
2014-12-18T11:08:11+09:00
15
Thu, 18 Dec 2014 11:08:16 +0900
2014-12-18T11:08:11+09:00
16
Thu, 18 Dec 2014 11:08:16 +0900
2014-12-18T11:08:11+09:00
17
Thu, 18 Dec 2014 11:08:16 +0900
2014-12-18T11:08:11+09:00
18
Thu, 18 Dec 2014 11:08:16 +0900
2014-12-18T11:08:11+09:00
19
Thu, 18 Dec 2014 11:08:16 +0900
2014-12-18T11:08:11+09:00
20
Thu, 18 Dec 2014 11:08:16 +0900
2014-12-18T11:08:11+09:00
medusagw
Thu, 18 Dec 2014 11:08:16 +0900
2014-12-18T11:08:11+09:00
localhost
Thu, 18 Dec 2014 11:08:16 +0900
2014-12-18T11:08:11+09:00
01
Thu, 18 Dec 2014 11:08:21 +0900
2014-12-18T11:08:11+09:00
02
Thu, 18 Dec 2014 11:08:21 +0900
2014-12-18T11:08:11+09:00
03
Thu, 18 Dec 2014 11:08:21 +0900
2014-12-18T11:08:11+09:00
04
Thu, 18 Dec 2014 11:08:21 +0900
2014-12-18T11:08:11+09:00
05
Thu, 18 Dec 2014 11:08:21 +0900
2014-12-18T11:08:11+09:00
06
Thu, 18 Dec 2014 11:08:21 +0900
2014-12-18T11:08:11+09:00
07
Thu, 18 Dec 2014 11:08:21 +0900
2014-12-18T11:08:11+09:00
08
Thu, 18 Dec 2014 11:08:21 +0900
2014-12-18T11:08:11+09:00
09
Thu, 18 Dec 2014 11:08:21 +0900
2014-12-18T11:08:11+09:00
10
Thu, 18 Dec 2014 11:08:21 +0900
2014-12-18T11:08:11+09:00
11
Thu, 18 Dec 2014 11:08:21 +0900
2014-12-18T11:08:11+09:00
12
Thu, 18 Dec 2014 11:08:21 +0900
2014-12-18T11:08:11+09:00
13
Thu, 18 Dec 2014 11:08:21 +0900
2014-12-18T11:08:11+09:00
14
Thu, 18 Dec 2014 11:08:21 +0900
2014-12-18T11:08:11+09:00
15
Thu, 18 Dec 2014 11:08:21 +0900
2014-12-18T11:08:11+09:00
16
Thu, 18 Dec 2014 11:08:21 +0900
2014-12-18T11:08:11+09:00
17
Thu, 18 Dec 2014 11:08:21 +0900
2014-12-18T11:08:11+09:00
18
Thu, 18 Dec 2014 11:08:21 +0900
2014-12-18T11:08:11+09:00
19
Thu, 18 Dec 2014 11:08:21 +0900
2014-12-18T11:08:11+09:00
20
Thu, 18 Dec 2014 11:08:21 +0900
2014-12-18T11:08:11+09:00
medusagw
Thu, 18 Dec 2014 11:08:21 +0900
2014-12-18T11:08:11+09:00
localhost
Thu, 18 Dec 2014 11:08:21 +0900
2014-12-18T11:08:11+09:00
01
Thu, 18 Dec 2014 11:08:26 +0900
2014-12-18T11:08:11+09:00
02
Thu, 18 Dec 2014 11:08:26 +0900
2014-12-18T11:08:11+09:00
03
Thu, 18 Dec 2014 11:08:26 +0900
2014-12-18T11:08:11+09:00
04
Thu, 18 Dec 2014 11:08:26 +0900
2014-12-18T11:08:11+09:00
05
Thu, 18 Dec 2014 11:08:26 +0900
2014-12-18T11:08:11+09:00
06
Thu, 18 Dec 2014 11:08:26 +0900
2014-12-18T11:08:11+09:00
07
Thu, 18 Dec 2014 11:08:26 +0900
2014-12-18T11:08:11+09:00
08
Thu, 18 Dec 2014 11:08:26 +0900
2014-12-18T11:08:11+09:00
09
Thu, 18 Dec 2014 11:08:26 +0900
2014-12-18T11:08:11+09:00
10
Thu, 18 Dec 2014 11:08:26 +0900
2014-12-18T11:08:11+09:00
11
Thu, 18 Dec 2014 11:08:26 +0900
2014-12-18T11:08:11+09:00
12
Thu, 18 Dec 2014 11:08:26 +0900
2014-12-18T11:08:11+09:00
13
Thu, 18 Dec 2014 11:08:26 +0900
2014-12-18T11:08:11+09:00
14
Thu, 18 Dec 2014 11:08:26 +0900
2014-12-18T11:08:11+09:00
15
Thu, 18 Dec 2014 11:08:26 +0900
2014-12-18T11:08:11+09:00
16
Thu, 18 Dec 2014 11:08:26 +0900
2014-12-18T11:08:11+09:00
17
Thu, 18 Dec 2014 11:08:26 +0900
2014-12-18T11:08:11+09:00
18
Thu, 18 Dec 2014 11:08:26 +0900
2014-12-18T11:08:11+09:00
19
Thu, 18 Dec 2014 11:08:26 +0900
2014-12-18T11:08:11+09:00
20
Thu, 18 Dec 2014 11:08:26 +0900
2014-12-18T11:08:11+09:00
medusagw
Thu, 18 Dec 2014 11:08:26 +0900
2014-12-18T11:08:11+09:00
localhost
Thu, 18 Dec 2014 11:08:26 +0900
2014-12-18T11:08:11+09:00
01
Thu, 18 Dec 2014 11:08:31 +0900
2014-12-18T11:08:11+09:00
02
Thu, 18 Dec 2014 11:08:31 +0900
2014-12-18T11:08:11+09:00
03
Thu, 18 Dec 2014 11:08:31 +0900
2014-12-18T11:08:11+09:00
04
Thu, 18 Dec 2014 11:08:31 +0900
2014-12-18T11:08:11+09:00
05
Thu, 18 Dec 2014 11:08:31 +0900
2014-12-18T11:08:11+09:00
06
Thu, 18 Dec 2014 11:08:31 +0900
2014-12-18T11:08:11+09:00
07
Thu, 18 Dec 2014 11:08:31 +0900
2014-12-18T11:08:11+09:00
08
Thu, 18 Dec 2014 11:08:31 +0900
2014-12-18T11:08:11+09:00
09
Thu, 18 Dec 2014 11:08:31 +0900
2014-12-18T11:08:11+09:00
10
Thu, 18 Dec 2014 11:08:31 +0900
2014-12-18T11:08:11+09:00
11
Thu, 18 Dec 2014 11:08:31 +0900
2014-12-18T11:08:11+09:00
12
Thu, 18 Dec 2014 11:08:31 +0900
2014-12-18T11:08:11+09:00
13
Thu, 18 Dec 2014 11:08:31 +0900
2014-12-18T11:08:11+09:00
14
Thu, 18 Dec 2014 11:08:31 +0900
2014-12-18T11:08:11+09:00
15
Thu, 18 Dec 2014 11:08:31 +0900
2014-12-18T11:08:11+09:00
16
Thu, 18 Dec 2014 11:08:31 +0900
2014-12-18T11:08:11+09:00
17
Thu, 18 Dec 2014 11:08:31 +0900
2014-12-18T11:08:11+09:00
18
Thu, 18 Dec 2014 11:08:31 +0900
2014-12-18T11:08:11+09:00
19
Thu, 18 Dec 2014 11:08:31 +0900
2014-12-18T11:08:11+09:00
20
Thu, 18 Dec 2014 11:08:31 +0900
2014-12-18T11:08:11+09:00
medusagw
Thu, 18 Dec 2014 11:08:31 +0900
2014-12-18T11:08:11+09:00
localhost
Thu, 18 Dec 2014 11:08:31 +0900
2014-12-18T11:08:11+09:00
01
Thu, 18 Dec 2014 11:08:36 +0900
2014-12-18T11:08:11+09:00
02
Thu, 18 Dec 2014 11:08:36 +0900
2014-12-18T11:08:11+09:00
03
Thu, 18 Dec 2014 11:08:36 +0900
2014-12-18T11:08:11+09:00
04
Thu, 18 Dec 2014 11:08:36 +0900
2014-12-18T11:08:11+09:00
05
Thu, 18 Dec 2014 11:08:36 +0900
2014-12-18T11:08:11+09:00
06
Thu, 18 Dec 2014 11:08:36 +0900
2014-12-18T11:08:11+09:00
07
Thu, 18 Dec 2014 11:08:36 +0900
2014-12-18T11:08:11+09:00
08
Thu, 18 Dec 2014 11:08:36 +0900
2014-12-18T11:08:11+09:00
09
Thu, 18 Dec 2014 11:08:36 +0900
2014-12-18T11:08:11+09:00
10
Thu, 18 Dec 2014 11:08:36 +0900
2014-12-18T11:08:11+09:00
11
Thu, 18 Dec 2014 11:08:36 +0900
2014-12-18T11:08:11+09:00
12
Thu, 18 Dec 2014 11:08:36 +0900
2014-12-18T11:08:11+09:00
13
Thu, 18 Dec 2014 11:08:36 +0900
2014-12-18T11:08:11+09:00
14
Thu, 18 Dec 2014 11:08:36 +0900
2014-12-18T11:08:11+09:00
15
Thu, 18 Dec 2014 11:08:36 +0900
2014-12-18T11:08:11+09:00
16
Thu, 18 Dec 2014 11:08:36 +0900
2014-12-18T11:08:11+09:00
17
Thu, 18 Dec 2014 11:08:36 +0900
2014-12-18T11:08:11+09:00
18
Thu, 18 Dec 2014 11:08:36 +0900
2014-12-18T11:08:11+09:00
19
Thu, 18 Dec 2014 11:08:36 +0900
2014-12-18T11:08:11+09:00
20
Thu, 18 Dec 2014 11:08:36 +0900
2014-12-18T11:08:11+09:00
medusagw
Thu, 18 Dec 2014 11:08:36 +0900
2014-12-18T11:08:11+09:00
localhost
Thu, 18 Dec 2014 11:08:36 +0900
2014-12-18T11:08:11+09:00
01
Thu, 18 Dec 2014 11:08:41 +0900
2014-12-18T11:08:11+09:00
02
Thu, 18 Dec 2014 11:08:41 +0900
2014-12-18T11:08:11+09:00
03
Thu, 18 Dec 2014 11:08:41 +0900
2014-12-18T11:08:11+09:00
04
Thu, 18 Dec 2014 11:08:41 +0900
2014-12-18T11:08:11+09:00
05
Thu, 18 Dec 2014 11:08:41 +0900
2014-12-18T11:08:11+09:00
06
Thu, 18 Dec 2014 11:08:41 +0900
2014-12-18T11:08:11+09:00
07
Thu, 18 Dec 2014 11:08:41 +0900
2014-12-18T11:08:11+09:00
08
Thu, 18 Dec 2014 11:08:41 +0900
2014-12-18T11:08:11+09:00
09
Thu, 18 Dec 2014 11:08:41 +0900
2014-12-18T11:08:11+09:00
10
Thu, 18 Dec 2014 11:08:41 +0900
2014-12-18T11:08:11+09:00
11
Thu, 18 Dec 2014 11:08:41 +0900
2014-12-18T11:08:11+09:00
12
Thu, 18 Dec 2014 11:08:41 +0900
2014-12-18T11:08:11+09:00
13
Thu, 18 Dec 2014 11:08:41 +0900
2014-12-18T11:08:11+09:00
14
Thu, 18 Dec 2014 11:08:41 +0900
2014-12-18T11:08:11+09:00
15
Thu, 18 Dec 2014 11:08:41 +0900
2014-12-18T11:08:11+09:00
16
Thu, 18 Dec 2014 11:08:41 +0900
2014-12-18T11:08:11+09:00
17
Thu, 18 Dec 2014 11:08:41 +0900
2014-12-18T11:08:11+09:00
18
Thu, 18 Dec 2014 11:08:41 +0900
2014-12-18T11:08:11+09:00
19
Thu, 18 Dec 2014 11:08:41 +0900
2014-12-18T11:08:11+09:00
20
Thu, 18 Dec 2014 11:08:41 +0900
2014-12-18T11:08:11+09:00
medusagw
Thu, 18 Dec 2014 11:08:41 +0900
2014-12-18T11:08:11+09:00
localhost
Thu, 18 Dec 2014 11:08:41 +0900
2014-12-18T11:08:11+09:00
01
Thu, 18 Dec 2014 11:08:46 +0900
2014-12-18T11:08:11+09:00
02
Thu, 18 Dec 2014 11:08:46 +0900
2014-12-18T11:08:11+09:00
03
Thu, 18 Dec 2014 11:08:46 +0900
2014-12-18T11:08:11+09:00
04
Thu, 18 Dec 2014 11:08:46 +0900
2014-12-18T11:08:11+09:00
05
Thu, 18 Dec 2014 11:08:46 +0900
2014-12-18T11:08:11+09:00
06
Thu, 18 Dec 2014 11:08:46 +0900
2014-12-18T11:08:11+09:00
07
Thu, 18 Dec 2014 11:08:46 +0900
2014-12-18T11:08:11+09:00
08
Thu, 18 Dec 2014 11:08:46 +0900
2014-12-18T11:08:11+09:00
09
Thu, 18 Dec 2014 11:08:46 +0900
2014-12-18T11:08:11+09:00
10
Thu, 18 Dec 2014 11:08:46 +0900
2014-12-18T11:08:11+09:00
11
Thu, 18 Dec 2014 11:08:46 +0900
2014-12-18T11:08:11+09:00
12
Thu, 18 Dec 2014 11:08:46 +0900
2014-12-18T11:08:11+09:00
13
Thu, 18 Dec 2014 11:08:46 +0900
2014-12-18T11:08:11+09:00
14
Thu, 18 Dec 2014 11:08:46 +0900
2014-12-18T11:08:11+09:00
15
Thu, 18 Dec 2014 11:08:46 +0900
2014-12-18T11:08:11+09:00
16
Thu, 18 Dec 2014 11:08:46 +0900
2014-12-18T11:08:11+09:00
17
Thu, 18 Dec 2014 11:08:46 +0900
2014-12-18T11:08:11+09:00
18
Thu, 18 Dec 2014 11:08:46 +0900
2014-12-18T11:08:11+09:00
19
Thu, 18 Dec 2014 11:08:46 +0900
2014-12-18T11:08:11+09:00
20
Thu, 18 Dec 2014 11:08:46 +0900
2014-12-18T11:08:11+09:00
medusagw
Thu, 18 Dec 2014 11:08:46 +0900
2014-12-18T11:08:11+09:00
localhost
Thu, 18 Dec 2014 11:08:46 +0900
2014-12-18T11:08:11+09:00
01
Thu, 18 Dec 2014 11:08:51 +0900
2014-12-18T11:08:11+09:00
02
Thu, 18 Dec 2014 11:08:51 +0900
2014-12-18T11:08:11+09:00
03
Thu, 18 Dec 2014 11:08:51 +0900
2014-12-18T11:08:11+09:00
04
Thu, 18 Dec 2014 11:08:51 +0900
2014-12-18T11:08:11+09:00
05
Thu, 18 Dec 2014 11:08:51 +0900
2014-12-18T11:08:11+09:00
06
Thu, 18 Dec 2014 11:08:51 +0900
2014-12-18T11:08:11+09:00
07
Thu, 18 Dec 2014 11:08:51 +0900
2014-12-18T11:08:11+09:00
08
Thu, 18 Dec 2014 11:08:51 +0900
2014-12-18T11:08:11+09:00
09
Thu, 18 Dec 2014 11:08:51 +0900
2014-12-18T11:08:11+09:00
10
Thu, 18 Dec 2014 11:08:51 +0900
2014-12-18T11:08:11+09:00
11
Thu, 18 Dec 2014 11:08:51 +0900
2014-12-18T11:08:11+09:00
12
Thu, 18 Dec 2014 11:08:51 +0900
2014-12-18T11:08:11+09:00
13
Thu, 18 Dec 2014 11:08:51 +0900
2014-12-18T11:08:11+09:00
14
Thu, 18 Dec 2014 11:08:51 +0900
2014-12-18T11:08:11+09:00
15
Thu, 18 Dec 2014 11:08:51 +0900
2014-12-18T11:08:11+09:00
16
Thu, 18 Dec 2014 11:08:51 +0900
2014-12-18T11:08:11+09:00
17
Thu, 18 Dec 2014 11:08:51 +0900
2014-12-18T11:08:11+09:00
18
Thu, 18 Dec 2014 11:08:51 +0900
2014-12-18T11:08:11+09:00
19
Thu, 18 Dec 2014 11:08:51 +0900
2014-12-18T11:08:11+09:00
20
Thu, 18 Dec 2014 11:08:51 +0900
2014-12-18T11:08:11+09:00
medusagw
Thu, 18 Dec 2014 11:08:51 +0900
2014-12-18T11:08:11+09:00
localhost
Thu, 18 Dec 2014 11:08:51 +0900
2014-12-18T11:08:11+09:00
01
Thu, 18 Dec 2014 11:08:56 +0900
2014-12-18T11:08:11+09:00
02
Thu, 18 Dec 2014 11:08:56 +0900
2014-12-18T11:08:11+09:00
03
Thu, 18 Dec 2014 11:08:56 +0900
2014-12-18T11:08:11+09:00
04
Thu, 18 Dec 2014 11:08:56 +0900
2014-12-18T11:08:11+09:00
05
Thu, 18 Dec 2014 11:08:56 +0900
2014-12-18T11:08:11+09:00
06
Thu, 18 Dec 2014 11:08:56 +0900
2014-12-18T11:08:11+09:00
07
Thu, 18 Dec 2014 11:08:56 +0900
2014-12-18T11:08:11+09:00
08
Thu, 18 Dec 2014 11:08:56 +0900
2014-12-18T11:08:11+09:00
09
Thu, 18 Dec 2014 11:08:56 +0900
2014-12-18T11:08:11+09:00
10
Thu, 18 Dec 2014 11:08:56 +0900
2014-12-18T11:08:11+09:00
11
Thu, 18 Dec 2014 11:08:56 +0900
2014-12-18T11:08:11+09:00
12
Thu, 18 Dec 2014 11:08:56 +0900
2014-12-18T11:08:11+09:00
13
Thu, 18 Dec 2014 11:08:56 +0900
2014-12-18T11:08:11+09:00
14
Thu, 18 Dec 2014 11:08:56 +0900
2014-12-18T11:08:11+09:00
15
Thu, 18 Dec 2014 11:08:56 +0900
2014-12-18T11:08:11+09:00
16
Thu, 18 Dec 2014 11:08:56 +0900
2014-12-18T11:08:11+09:00
17
Thu, 18 Dec 2014 11:08:56 +0900
2014-12-18T11:08:11+09:00
18
Thu, 18 Dec 2014 11:08:56 +0900
2014-12-18T11:08:11+09:00
19
Thu, 18 Dec 2014 11:08:56 +0900
2014-12-18T11:08:11+09:00
20
Thu, 18 Dec 2014 11:08:56 +0900
2014-12-18T11:08:11+09:00
medusagw
Thu, 18 Dec 2014 11:08:56 +0900
2014-12-18T11:08:11+09:00
localhost
Thu, 18 Dec 2014 11:08:56 +0900
2014-12-18T11:08:11+09:00
01
Thu, 18 Dec 2014 11:09:01 +0900
2014-12-18T11:08:11+09:00
02
Thu, 18 Dec 2014 11:09:01 +0900
2014-12-18T11:08:11+09:00
03
Thu, 18 Dec 2014 11:09:01 +0900
2014-12-18T11:08:11+09:00
04
Thu, 18 Dec 2014 11:09:01 +0900
2014-12-18T11:08:11+09:00
05
Thu, 18 Dec 2014 11:09:01 +0900
2014-12-18T11:08:11+09:00
06
Thu, 18 Dec 2014 11:09:01 +0900
2014-12-18T11:08:11+09:00
07
Thu, 18 Dec 2014 11:09:01 +0900
2014-12-18T11:08:11+09:00
08
Thu, 18 Dec 2014 11:09:01 +0900
2014-12-18T11:08:11+09:00
09
Thu, 18 Dec 2014 11:09:01 +0900
2014-12-18T11:08:11+09:00
10
Thu, 18 Dec 2014 11:09:01 +0900
2014-12-18T11:08:11+09:00
11
Thu, 18 Dec 2014 11:09:01 +0900
2014-12-18T11:08:11+09:00
12
Thu, 18 Dec 2014 11:09:01 +0900
2014-12-18T11:08:11+09:00
13
Thu, 18 Dec 2014 11:09:01 +0900
2014-12-18T11:08:11+09:00
14
Thu, 18 Dec 2014 11:09:01 +0900
2014-12-18T11:08:11+09:00
15
Thu, 18 Dec 2014 11:09:01 +0900
2014-12-18T11:08:11+09:00
16
Thu, 18 Dec 2014 11:09:01 +0900
2014-12-18T11:08:11+09:00
17
Thu, 18 Dec 2014 11:09:01 +0900
2014-12-18T11:08:11+09:00
18
Thu, 18 Dec 2014 11:09:01 +0900
2014-12-18T11:08:11+09:00
19
Thu, 18 Dec 2014 11:09:01 +0900
2014-12-18T11:08:11+09:00
20
Thu, 18 Dec 2014 11:09:01 +0900
2014-12-18T11:08:11+09:00
medusagw
Thu, 18 Dec 2014 11:09:01 +0900
2014-12-18T11:08:11+09:00
localhost
Thu, 18 Dec 2014 11:09:01 +0900
2014-12-18T11:08:11+09:00
01
Thu, 18 Dec 2014 11:09:06 +0900
2014-12-18T11:08:11+09:00
02
Thu, 18 Dec 2014 11:09:06 +0900
2014-12-18T11:08:11+09:00
03
Thu, 18 Dec 2014 11:09:06 +0900
2014-12-18T11:08:11+09:00
04
Thu, 18 Dec 2014 11:09:06 +0900
2014-12-18T11:08:11+09:00
05
Thu, 18 Dec 2014 11:09:06 +0900
2014-12-18T11:08:11+09:00
06
Thu, 18 Dec 2014 11:09:06 +0900
2014-12-18T11:08:11+09:00
07
Thu, 18 Dec 2014 11:09:06 +0900
2014-12-18T11:08:11+09:00
08
Thu, 18 Dec 2014 11:09:06 +0900
2014-12-18T11:08:11+09:00
09
Thu, 18 Dec 2014 11:09:06 +0900
2014-12-18T11:08:11+09:00
10
Thu, 18 Dec 2014 11:09:06 +0900
2014-12-18T11:08:11+09:00
11
Thu, 18 Dec 2014 11:09:06 +0900
2014-12-18T11:08:11+09:00
12
Thu, 18 Dec 2014 11:09:06 +0900
2014-12-18T11:08:11+09:00
13
Thu, 18 Dec 2014 11:09:06 +0900
2014-12-18T11:08:11+09:00
14
Thu, 18 Dec 2014 11:09:06 +0900
2014-12-18T11:08:11+09:00
15
Thu, 18 Dec 2014 11:09:06 +0900
2014-12-18T11:08:11+09:00
16
Thu, 18 Dec 2014 11:09:06 +0900
2014-12-18T11:08:11+09:00
17
Thu, 18 Dec 2014 11:09:06 +0900
2014-12-18T11:08:11+09:00
18
Thu, 18 Dec 2014 11:09:06 +0900
2014-12-18T11:08:11+09:00
19
Thu, 18 Dec 2014 11:09:06 +0900
2014-12-18T11:08:11+09:00
20
Thu, 18 Dec 2014 11:09:06 +0900
2014-12-18T11:08:11+09:00
medusagw
Thu, 18 Dec 2014 11:09:06 +0900
2014-12-18T11:08:11+09:00
localhost
Thu, 18 Dec 2014 11:09:06 +0900
2014-12-18T11:08:11+09:00
01
Thu, 18 Dec 2014 11:09:11 +0900
2014-12-18T11:08:11+09:00
>  1 jobs are going to be submitted
> priority: 0
> 
submitting jobs to 01: []
> priority: 1
> 
submitting jobs to 01: []
> priority: 2
> 
submitting jobs to 01: []
02
Thu, 18 Dec 2014 11:09:11 +0900
2014-12-18T11:08:11+09:00
>  1 jobs are going to be submitted
> priority: 0
> 
submitting jobs to 02: []
> priority: 1
> 
submitting jobs to 02: []
> priority: 2
> 
submitting jobs to 02: []
03
Thu, 18 Dec 2014 11:09:11 +0900
2014-12-18T11:08:11+09:00
>  1 jobs are going to be submitted
> priority: 0
> 
submitting jobs to 03: []
> priority: 1
> 
submitting jobs to 03: []
> priority: 2
> 
submitting jobs to 03: []
04
Thu, 18 Dec 2014 11:09:11 +0900
2014-12-18T11:08:11+09:00
>  1 jobs are going to be submitted
> priority: 0
> 
submitting jobs to 04: []
> priority: 1
> 
submitting jobs to 04: []
> priority: 2
> 
submitting jobs to 04: []
05
Thu, 18 Dec 2014 11:09:11 +0900
2014-12-18T11:08:11+09:00
>  1 jobs are going to be submitted
> priority: 0
> 
submitting jobs to 05: []
> priority: 1
> 
submitting jobs to 05: []
> priority: 2
> 
submitting jobs to 05: []
06
Thu, 18 Dec 2014 11:09:11 +0900
2014-12-18T11:08:11+09:00
>  1 jobs are going to be submitted
> priority: 0
> 
submitting jobs to 06: []
> priority: 1
> 
submitting jobs to 06: []
> priority: 2
> 
submitting jobs to 06: []
07
Thu, 18 Dec 2014 11:09:11 +0900
2014-12-18T11:08:11+09:00
>  1 jobs are going to be submitted
> priority: 0
> 
submitting jobs to 07: []
> priority: 1
> 
submitting jobs to 07: []
> priority: 2
> 
submitting jobs to 07: []
08
Thu, 18 Dec 2014 11:09:11 +0900
2014-12-18T11:08:11+09:00
>  1 jobs are going to be submitted
> priority: 0
> 
submitting jobs to 08: []
> priority: 1
> 
submitting jobs to 08: []
> priority: 2
> 
submitting jobs to 08: []
09
Thu, 18 Dec 2014 11:09:11 +0900
2014-12-18T11:08:11+09:00
>  1 jobs are going to be submitted
> priority: 0
> 
submitting jobs to 09: []
> priority: 1
> 
submitting jobs to 09: []
> priority: 2
> 
submitting jobs to 09: []
10
Thu, 18 Dec 2014 11:09:11 +0900
2014-12-18T11:08:11+09:00
>  1 jobs are going to be submitted
> priority: 0
> 
submitting jobs to 10: []
> priority: 1
> 
submitting jobs to 10: []
> priority: 2
> 
submitting jobs to 10: []
11
Thu, 18 Dec 2014 11:09:11 +0900
2014-12-18T11:08:11+09:00
>  1 jobs are going to be submitted
> priority: 0
> 
submitting jobs to 11: []
> priority: 1
> 
submitting jobs to 11: []
> priority: 2
> 
submitting jobs to 11: []
12
Thu, 18 Dec 2014 11:09:11 +0900
2014-12-18T11:08:11+09:00
>  1 jobs are going to be submitted
> priority: 0
> 
submitting jobs to 12: []
> priority: 1
> 
submitting jobs to 12: []
> priority: 2
> 
submitting jobs to 12: []
13
Thu, 18 Dec 2014 11:09:11 +0900
2014-12-18T11:08:11+09:00
>  1 jobs are going to be submitted
> priority: 0
> 
submitting jobs to 13: []
> priority: 1
> 
submitting jobs to 13: []
> priority: 2
> 
submitting jobs to 13: []
14
Thu, 18 Dec 2014 11:09:11 +0900
2014-12-18T11:08:11+09:00
>  1 jobs are going to be submitted
> priority: 0
> 
submitting jobs to 14: []
> priority: 1
> 
submitting jobs to 14: []
> priority: 2
> 
submitting jobs to 14: []
15
Thu, 18 Dec 2014 11:09:11 +0900
2014-12-18T11:08:11+09:00
>  1 jobs are going to be submitted
> priority: 0
> 
submitting jobs to 15: []
> priority: 1
> 
submitting jobs to 15: []
> priority: 2
> 
submitting jobs to 15: []
16
Thu, 18 Dec 2014 11:09:11 +0900
2014-12-18T11:08:11+09:00
>  1 jobs are going to be submitted
> priority: 0
> 
submitting jobs to 16: []
> priority: 1
> 
submitting jobs to 16: []
> priority: 2
> 
submitting jobs to 16: []
17
Thu, 18 Dec 2014 11:09:11 +0900
2014-12-18T11:08:11+09:00
>  1 jobs are going to be submitted
> priority: 0
> 
submitting jobs to 17: []
> priority: 1
> 
submitting jobs to 17: []
> priority: 2
> 
submitting jobs to 17: []
18
Thu, 18 Dec 2014 11:09:11 +0900
2014-12-18T11:08:11+09:00
>  1 jobs are going to be submitted
> priority: 0
> 
submitting jobs to 18: []
> priority: 1
> 
submitting jobs to 18: []
> priority: 2
> 
submitting jobs to 18: []
19
Thu, 18 Dec 2014 11:09:11 +0900
2014-12-18T11:08:11+09:00
>  1 jobs are going to be submitted
> priority: 0
> 
submitting jobs to 19: []
> priority: 1
> 
submitting jobs to 19: []
> priority: 2
> 
submitting jobs to 19: []
20
Thu, 18 Dec 2014 11:09:11 +0900
2014-12-18T11:08:11+09:00
>  1 jobs are going to be submitted
> priority: 0
> 
submitting jobs to 20: []
> priority: 1
> 
submitting jobs to 20: []
> priority: 2
> 
submitting jobs to 20: []
medusagw
Thu, 18 Dec 2014 11:09:11 +0900
2014-12-18T11:08:11+09:00
>  1 jobs are going to be submitted
> priority: 0
> 
submitting jobs to medusagw: []
> priority: 1
> 
submitting jobs to medusagw: []
> priority: 2
> 
submitting jobs to medusagw: []
localhost
Thu, 18 Dec 2014 11:09:11 +0900
2014-12-18T11:08:11+09:00
>  1 jobs are going to be submitted
> priority: 0
> 
submitting jobs to localhost: []
> priority: 1
> 
submitting jobs to localhost: []
> priority: 2
> 
submitting jobs to localhost: []
observing 01
observing 02
observing 03
observing 04
observing 05
observing 06
observing 07
observing 08
observing 09
observing 10
observing 11
observing 12
observing 13
observing 14
observing 15
observing 16
observing 17
observing 18
observing 19
observing 20
observing medusagw
observing localhost
01
Thu, 18 Dec 2014 11:09:16 +0900
2014-12-18T11:09:11+09:00
02
Thu, 18 Dec 2014 11:09:16 +0900
2014-12-18T11:09:11+09:00
03
Thu, 18 Dec 2014 11:09:16 +0900
2014-12-18T11:09:11+09:00
04
Thu, 18 Dec 2014 11:09:16 +0900
2014-12-18T11:09:11+09:00
05
Thu, 18 Dec 2014 11:09:16 +0900
2014-12-18T11:09:11+09:00
06
Thu, 18 Dec 2014 11:09:16 +0900
2014-12-18T11:09:11+09:00
07
Thu, 18 Dec 2014 11:09:16 +0900
2014-12-18T11:09:11+09:00
08
Thu, 18 Dec 2014 11:09:16 +0900
2014-12-18T11:09:11+09:00
09
Thu, 18 Dec 2014 11:09:16 +0900
2014-12-18T11:09:11+09:00
10
Thu, 18 Dec 2014 11:09:16 +0900
2014-12-18T11:09:11+09:00
11
Thu, 18 Dec 2014 11:09:16 +0900
2014-12-18T11:09:11+09:00
12
Thu, 18 Dec 2014 11:09:16 +0900
2014-12-18T11:09:11+09:00
13
Thu, 18 Dec 2014 11:09:16 +0900
2014-12-18T11:09:11+09:00
14
Thu, 18 Dec 2014 11:09:16 +0900
2014-12-18T11:09:11+09:00
15
Thu, 18 Dec 2014 11:09:16 +0900
2014-12-18T11:09:11+09:00
16
Thu, 18 Dec 2014 11:09:16 +0900
2014-12-18T11:09:11+09:00
17
Thu, 18 Dec 2014 11:09:16 +0900
2014-12-18T11:09:11+09:00
18
Thu, 18 Dec 2014 11:09:16 +0900
2014-12-18T11:09:11+09:00
19
Thu, 18 Dec 2014 11:09:16 +0900
2014-12-18T11:09:11+09:00
20
Thu, 18 Dec 2014 11:09:16 +0900
2014-12-18T11:09:11+09:00
medusagw
Thu, 18 Dec 2014 11:09:16 +0900
2014-12-18T11:09:11+09:00
localhost
Thu, 18 Dec 2014 11:09:16 +0900
2014-12-18T11:09:11+09:00
01
Thu, 18 Dec 2014 11:09:21 +0900
2014-12-18T11:09:11+09:00
02
Thu, 18 Dec 2014 11:09:21 +0900
2014-12-18T11:09:11+09:00
03
Thu, 18 Dec 2014 11:09:21 +0900
2014-12-18T11:09:11+09:00
04
Thu, 18 Dec 2014 11:09:21 +0900
2014-12-18T11:09:11+09:00
05
Thu, 18 Dec 2014 11:09:21 +0900
2014-12-18T11:09:11+09:00
06
Thu, 18 Dec 2014 11:09:21 +0900
2014-12-18T11:09:11+09:00
07
Thu, 18 Dec 2014 11:09:21 +0900
2014-12-18T11:09:11+09:00
08
Thu, 18 Dec 2014 11:09:21 +0900
2014-12-18T11:09:11+09:00
09
Thu, 18 Dec 2014 11:09:21 +0900
2014-12-18T11:09:11+09:00
10
Thu, 18 Dec 2014 11:09:21 +0900
2014-12-18T11:09:11+09:00
11
Thu, 18 Dec 2014 11:09:21 +0900
2014-12-18T11:09:11+09:00
12
Thu, 18 Dec 2014 11:09:21 +0900
2014-12-18T11:09:11+09:00
13
Thu, 18 Dec 2014 11:09:21 +0900
2014-12-18T11:09:11+09:00
14
Thu, 18 Dec 2014 11:09:21 +0900
2014-12-18T11:09:11+09:00
15
Thu, 18 Dec 2014 11:09:21 +0900
2014-12-18T11:09:11+09:00
16
Thu, 18 Dec 2014 11:09:21 +0900
2014-12-18T11:09:11+09:00
17
Thu, 18 Dec 2014 11:09:21 +0900
2014-12-18T11:09:11+09:00
18
Thu, 18 Dec 2014 11:09:21 +0900
2014-12-18T11:09:11+09:00
19
Thu, 18 Dec 2014 11:09:21 +0900
2014-12-18T11:09:11+09:00
20
Thu, 18 Dec 2014 11:09:21 +0900
2014-12-18T11:09:11+09:00
medusagw
Thu, 18 Dec 2014 11:09:21 +0900
2014-12-18T11:09:11+09:00
localhost
Thu, 18 Dec 2014 11:09:21 +0900
2014-12-18T11:09:11+09:00
01
Thu, 18 Dec 2014 11:09:26 +0900
2014-12-18T11:09:11+09:00
02
Thu, 18 Dec 2014 11:09:26 +0900
2014-12-18T11:09:11+09:00
03
Thu, 18 Dec 2014 11:09:26 +0900
2014-12-18T11:09:11+09:00
04
Thu, 18 Dec 2014 11:09:26 +0900
2014-12-18T11:09:11+09:00
05
Thu, 18 Dec 2014 11:09:26 +0900
2014-12-18T11:09:11+09:00
06
Thu, 18 Dec 2014 11:09:26 +0900
2014-12-18T11:09:11+09:00
07
Thu, 18 Dec 2014 11:09:26 +0900
2014-12-18T11:09:11+09:00
08
Thu, 18 Dec 2014 11:09:26 +0900
2014-12-18T11:09:11+09:00
09
Thu, 18 Dec 2014 11:09:26 +0900
2014-12-18T11:09:11+09:00
10
Thu, 18 Dec 2014 11:09:26 +0900
2014-12-18T11:09:11+09:00
11
Thu, 18 Dec 2014 11:09:26 +0900
2014-12-18T11:09:11+09:00
12
Thu, 18 Dec 2014 11:09:26 +0900
2014-12-18T11:09:11+09:00
13
Thu, 18 Dec 2014 11:09:26 +0900
2014-12-18T11:09:11+09:00
14
Thu, 18 Dec 2014 11:09:26 +0900
2014-12-18T11:09:11+09:00
15
Thu, 18 Dec 2014 11:09:26 +0900
2014-12-18T11:09:11+09:00
16
Thu, 18 Dec 2014 11:09:26 +0900
2014-12-18T11:09:11+09:00
17
Thu, 18 Dec 2014 11:09:26 +0900
2014-12-18T11:09:11+09:00
18
Thu, 18 Dec 2014 11:09:26 +0900
2014-12-18T11:09:11+09:00
19
Thu, 18 Dec 2014 11:09:26 +0900
2014-12-18T11:09:11+09:00
20
Thu, 18 Dec 2014 11:09:26 +0900
2014-12-18T11:09:11+09:00
medusagw
Thu, 18 Dec 2014 11:09:26 +0900
2014-12-18T11:09:11+09:00
localhost
Thu, 18 Dec 2014 11:09:26 +0900
2014-12-18T11:09:11+09:00
01
Thu, 18 Dec 2014 11:09:31 +0900
2014-12-18T11:09:11+09:00
02
Thu, 18 Dec 2014 11:09:31 +0900
2014-12-18T11:09:11+09:00
03
Thu, 18 Dec 2014 11:09:31 +0900
2014-12-18T11:09:11+09:00
04
Thu, 18 Dec 2014 11:09:31 +0900
2014-12-18T11:09:11+09:00
05
Thu, 18 Dec 2014 11:09:31 +0900
2014-12-18T11:09:11+09:00
06
Thu, 18 Dec 2014 11:09:31 +0900
2014-12-18T11:09:11+09:00
07
Thu, 18 Dec 2014 11:09:31 +0900
2014-12-18T11:09:11+09:00
08
Thu, 18 Dec 2014 11:09:31 +0900
2014-12-18T11:09:11+09:00
09
Thu, 18 Dec 2014 11:09:31 +0900
2014-12-18T11:09:11+09:00
10
Thu, 18 Dec 2014 11:09:31 +0900
2014-12-18T11:09:11+09:00
11
Thu, 18 Dec 2014 11:09:31 +0900
2014-12-18T11:09:11+09:00
12
Thu, 18 Dec 2014 11:09:31 +0900
2014-12-18T11:09:11+09:00
13
Thu, 18 Dec 2014 11:09:31 +0900
2014-12-18T11:09:11+09:00
14
Thu, 18 Dec 2014 11:09:31 +0900
2014-12-18T11:09:11+09:00
15
Thu, 18 Dec 2014 11:09:31 +0900
2014-12-18T11:09:11+09:00
16
Thu, 18 Dec 2014 11:09:31 +0900
2014-12-18T11:09:11+09:00
17
Thu, 18 Dec 2014 11:09:31 +0900
2014-12-18T11:09:11+09:00
18
Thu, 18 Dec 2014 11:09:31 +0900
2014-12-18T11:09:11+09:00
19
Thu, 18 Dec 2014 11:09:31 +0900
2014-12-18T11:09:11+09:00
20
Thu, 18 Dec 2014 11:09:31 +0900
2014-12-18T11:09:11+09:00
medusagw
Thu, 18 Dec 2014 11:09:31 +0900
2014-12-18T11:09:11+09:00
localhost
Thu, 18 Dec 2014 11:09:31 +0900
2014-12-18T11:09:11+09:00
01
Thu, 18 Dec 2014 11:09:36 +0900
2014-12-18T11:09:11+09:00
02
Thu, 18 Dec 2014 11:09:36 +0900
2014-12-18T11:09:11+09:00
03
Thu, 18 Dec 2014 11:09:36 +0900
2014-12-18T11:09:11+09:00
04
Thu, 18 Dec 2014 11:09:36 +0900
2014-12-18T11:09:11+09:00
05
Thu, 18 Dec 2014 11:09:36 +0900
2014-12-18T11:09:11+09:00
06
Thu, 18 Dec 2014 11:09:36 +0900
2014-12-18T11:09:11+09:00
07
Thu, 18 Dec 2014 11:09:36 +0900
2014-12-18T11:09:11+09:00
08
Thu, 18 Dec 2014 11:09:36 +0900
2014-12-18T11:09:11+09:00
09
Thu, 18 Dec 2014 11:09:36 +0900
2014-12-18T11:09:11+09:00
10
Thu, 18 Dec 2014 11:09:36 +0900
2014-12-18T11:09:11+09:00
11
Thu, 18 Dec 2014 11:09:36 +0900
2014-12-18T11:09:11+09:00
12
Thu, 18 Dec 2014 11:09:36 +0900
2014-12-18T11:09:11+09:00
13
Thu, 18 Dec 2014 11:09:36 +0900
2014-12-18T11:09:11+09:00
14
Thu, 18 Dec 2014 11:09:36 +0900
2014-12-18T11:09:11+09:00
15
Thu, 18 Dec 2014 11:09:36 +0900
2014-12-18T11:09:11+09:00
16
Thu, 18 Dec 2014 11:09:36 +0900
2014-12-18T11:09:11+09:00
17
Thu, 18 Dec 2014 11:09:36 +0900
2014-12-18T11:09:11+09:00
18
Thu, 18 Dec 2014 11:09:36 +0900
2014-12-18T11:09:11+09:00
19
Thu, 18 Dec 2014 11:09:36 +0900
2014-12-18T11:09:11+09:00
20
Thu, 18 Dec 2014 11:09:36 +0900
2014-12-18T11:09:11+09:00
medusagw
Thu, 18 Dec 2014 11:09:36 +0900
2014-12-18T11:09:11+09:00
localhost
Thu, 18 Dec 2014 11:09:36 +0900
2014-12-18T11:09:11+09:00
01
Thu, 18 Dec 2014 11:09:41 +0900
2014-12-18T11:09:11+09:00
02
Thu, 18 Dec 2014 11:09:41 +0900
2014-12-18T11:09:11+09:00
03
Thu, 18 Dec 2014 11:09:41 +0900
2014-12-18T11:09:11+09:00
04
Thu, 18 Dec 2014 11:09:41 +0900
2014-12-18T11:09:11+09:00
05
Thu, 18 Dec 2014 11:09:41 +0900
2014-12-18T11:09:11+09:00
06
Thu, 18 Dec 2014 11:09:41 +0900
2014-12-18T11:09:11+09:00
07
Thu, 18 Dec 2014 11:09:41 +0900
2014-12-18T11:09:11+09:00
08
Thu, 18 Dec 2014 11:09:41 +0900
2014-12-18T11:09:11+09:00
09
Thu, 18 Dec 2014 11:09:41 +0900
2014-12-18T11:09:11+09:00
10
Thu, 18 Dec 2014 11:09:41 +0900
2014-12-18T11:09:11+09:00
11
Thu, 18 Dec 2014 11:09:41 +0900
2014-12-18T11:09:11+09:00
12
Thu, 18 Dec 2014 11:09:41 +0900
2014-12-18T11:09:11+09:00
13
Thu, 18 Dec 2014 11:09:41 +0900
2014-12-18T11:09:11+09:00
14
Thu, 18 Dec 2014 11:09:41 +0900
2014-12-18T11:09:11+09:00
15
Thu, 18 Dec 2014 11:09:41 +0900
2014-12-18T11:09:11+09:00
16
Thu, 18 Dec 2014 11:09:41 +0900
2014-12-18T11:09:11+09:00
17
Thu, 18 Dec 2014 11:09:41 +0900
2014-12-18T11:09:11+09:00
18
Thu, 18 Dec 2014 11:09:41 +0900
2014-12-18T11:09:11+09:00
19
Thu, 18 Dec 2014 11:09:41 +0900
2014-12-18T11:09:11+09:00
20
Thu, 18 Dec 2014 11:09:41 +0900
2014-12-18T11:09:11+09:00
medusagw
Thu, 18 Dec 2014 11:09:41 +0900
2014-12-18T11:09:11+09:00
localhost
Thu, 18 Dec 2014 11:09:41 +0900
2014-12-18T11:09:11+09:00
01
Thu, 18 Dec 2014 11:09:46 +0900
2014-12-18T11:09:11+09:00
02
Thu, 18 Dec 2014 11:09:46 +0900
2014-12-18T11:09:11+09:00
03
Thu, 18 Dec 2014 11:09:46 +0900
2014-12-18T11:09:11+09:00
04
Thu, 18 Dec 2014 11:09:46 +0900
2014-12-18T11:09:11+09:00
05
Thu, 18 Dec 2014 11:09:46 +0900
2014-12-18T11:09:11+09:00
06
Thu, 18 Dec 2014 11:09:46 +0900
2014-12-18T11:09:11+09:00
07
Thu, 18 Dec 2014 11:09:46 +0900
2014-12-18T11:09:11+09:00
08
Thu, 18 Dec 2014 11:09:46 +0900
2014-12-18T11:09:11+09:00
09
Thu, 18 Dec 2014 11:09:46 +0900
2014-12-18T11:09:11+09:00
10
Thu, 18 Dec 2014 11:09:46 +0900
2014-12-18T11:09:11+09:00
11
Thu, 18 Dec 2014 11:09:46 +0900
2014-12-18T11:09:11+09:00
12
Thu, 18 Dec 2014 11:09:46 +0900
2014-12-18T11:09:11+09:00
13
Thu, 18 Dec 2014 11:09:46 +0900
2014-12-18T11:09:11+09:00
14
Thu, 18 Dec 2014 11:09:46 +0900
2014-12-18T11:09:11+09:00
15
Thu, 18 Dec 2014 11:09:46 +0900
2014-12-18T11:09:11+09:00
16
Thu, 18 Dec 2014 11:09:46 +0900
2014-12-18T11:09:11+09:00
17
Thu, 18 Dec 2014 11:09:46 +0900
2014-12-18T11:09:11+09:00
18
Thu, 18 Dec 2014 11:09:46 +0900
2014-12-18T11:09:11+09:00
19
Thu, 18 Dec 2014 11:09:46 +0900
2014-12-18T11:09:11+09:00
20
Thu, 18 Dec 2014 11:09:46 +0900
2014-12-18T11:09:11+09:00
medusagw
Thu, 18 Dec 2014 11:09:46 +0900
2014-12-18T11:09:11+09:00
localhost
Thu, 18 Dec 2014 11:09:46 +0900
2014-12-18T11:09:11+09:00
01
Thu, 18 Dec 2014 11:09:51 +0900
2014-12-18T11:09:11+09:00
02
Thu, 18 Dec 2014 11:09:51 +0900
2014-12-18T11:09:11+09:00
03
Thu, 18 Dec 2014 11:09:51 +0900
2014-12-18T11:09:11+09:00
04
Thu, 18 Dec 2014 11:09:51 +0900
2014-12-18T11:09:11+09:00
05
Thu, 18 Dec 2014 11:09:51 +0900
2014-12-18T11:09:11+09:00
06
Thu, 18 Dec 2014 11:09:51 +0900
2014-12-18T11:09:11+09:00
07
Thu, 18 Dec 2014 11:09:51 +0900
2014-12-18T11:09:11+09:00
08
Thu, 18 Dec 2014 11:09:51 +0900
2014-12-18T11:09:11+09:00
09
Thu, 18 Dec 2014 11:09:51 +0900
2014-12-18T11:09:11+09:00
10
Thu, 18 Dec 2014 11:09:51 +0900
2014-12-18T11:09:11+09:00
11
Thu, 18 Dec 2014 11:09:51 +0900
2014-12-18T11:09:11+09:00
12
Thu, 18 Dec 2014 11:09:51 +0900
2014-12-18T11:09:11+09:00
13
Thu, 18 Dec 2014 11:09:51 +0900
2014-12-18T11:09:11+09:00
14
Thu, 18 Dec 2014 11:09:51 +0900
2014-12-18T11:09:11+09:00
15
Thu, 18 Dec 2014 11:09:51 +0900
2014-12-18T11:09:11+09:00
16
Thu, 18 Dec 2014 11:09:51 +0900
2014-12-18T11:09:11+09:00
17
Thu, 18 Dec 2014 11:09:51 +0900
2014-12-18T11:09:11+09:00
18
Thu, 18 Dec 2014 11:09:51 +0900
2014-12-18T11:09:11+09:00
19
Thu, 18 Dec 2014 11:09:51 +0900
2014-12-18T11:09:11+09:00
20
Thu, 18 Dec 2014 11:09:51 +0900
2014-12-18T11:09:11+09:00
medusagw
Thu, 18 Dec 2014 11:09:51 +0900
2014-12-18T11:09:11+09:00
localhost
Thu, 18 Dec 2014 11:09:51 +0900
2014-12-18T11:09:11+09:00
01
Thu, 18 Dec 2014 11:09:56 +0900
2014-12-18T11:09:11+09:00
02
Thu, 18 Dec 2014 11:09:56 +0900
2014-12-18T11:09:11+09:00
03
Thu, 18 Dec 2014 11:09:56 +0900
2014-12-18T11:09:11+09:00
04
Thu, 18 Dec 2014 11:09:56 +0900
2014-12-18T11:09:11+09:00
05
Thu, 18 Dec 2014 11:09:56 +0900
2014-12-18T11:09:11+09:00
06
Thu, 18 Dec 2014 11:09:56 +0900
2014-12-18T11:09:11+09:00
07
Thu, 18 Dec 2014 11:09:56 +0900
2014-12-18T11:09:11+09:00
08
Thu, 18 Dec 2014 11:09:56 +0900
2014-12-18T11:09:11+09:00
09
Thu, 18 Dec 2014 11:09:56 +0900
2014-12-18T11:09:11+09:00
10
Thu, 18 Dec 2014 11:09:56 +0900
2014-12-18T11:09:11+09:00
11
Thu, 18 Dec 2014 11:09:56 +0900
2014-12-18T11:09:11+09:00
12
Thu, 18 Dec 2014 11:09:56 +0900
2014-12-18T11:09:11+09:00
13
Thu, 18 Dec 2014 11:09:56 +0900
2014-12-18T11:09:11+09:00
14
Thu, 18 Dec 2014 11:09:56 +0900
2014-12-18T11:09:11+09:00
15
Thu, 18 Dec 2014 11:09:56 +0900
2014-12-18T11:09:11+09:00
16
Thu, 18 Dec 2014 11:09:56 +0900
2014-12-18T11:09:11+09:00
17
Thu, 18 Dec 2014 11:09:56 +0900
2014-12-18T11:09:11+09:00
18
Thu, 18 Dec 2014 11:09:56 +0900
2014-12-18T11:09:11+09:00
19
Thu, 18 Dec 2014 11:09:56 +0900
2014-12-18T11:09:11+09:00
20
Thu, 18 Dec 2014 11:09:56 +0900
2014-12-18T11:09:11+09:00
medusagw
Thu, 18 Dec 2014 11:09:56 +0900
2014-12-18T11:09:11+09:00
localhost
Thu, 18 Dec 2014 11:09:56 +0900
2014-12-18T11:09:11+09:00
01
Thu, 18 Dec 2014 11:10:01 +0900
2014-12-18T11:09:11+09:00
02
Thu, 18 Dec 2014 11:10:01 +0900
2014-12-18T11:09:11+09:00
03
Thu, 18 Dec 2014 11:10:01 +0900
2014-12-18T11:09:11+09:00
04
Thu, 18 Dec 2014 11:10:01 +0900
2014-12-18T11:09:11+09:00
05
Thu, 18 Dec 2014 11:10:01 +0900
2014-12-18T11:09:11+09:00
06
Thu, 18 Dec 2014 11:10:01 +0900
2014-12-18T11:09:11+09:00
07
Thu, 18 Dec 2014 11:10:01 +0900
2014-12-18T11:09:11+09:00
08
Thu, 18 Dec 2014 11:10:01 +0900
2014-12-18T11:09:11+09:00
09
Thu, 18 Dec 2014 11:10:01 +0900
2014-12-18T11:09:11+09:00
10
Thu, 18 Dec 2014 11:10:01 +0900
2014-12-18T11:09:11+09:00
11
Thu, 18 Dec 2014 11:10:01 +0900
2014-12-18T11:09:11+09:00
12
Thu, 18 Dec 2014 11:10:01 +0900
2014-12-18T11:09:11+09:00
13
Thu, 18 Dec 2014 11:10:01 +0900
2014-12-18T11:09:11+09:00
14
Thu, 18 Dec 2014 11:10:01 +0900
2014-12-18T11:09:11+09:00
15
Thu, 18 Dec 2014 11:10:01 +0900
2014-12-18T11:09:11+09:00
16
Thu, 18 Dec 2014 11:10:01 +0900
2014-12-18T11:09:11+09:00
17
Thu, 18 Dec 2014 11:10:01 +0900
2014-12-18T11:09:11+09:00
18
Thu, 18 Dec 2014 11:10:01 +0900
2014-12-18T11:09:11+09:00
19
Thu, 18 Dec 2014 11:10:01 +0900
2014-12-18T11:09:11+09:00
20
Thu, 18 Dec 2014 11:10:01 +0900
2014-12-18T11:09:11+09:00
medusagw
Thu, 18 Dec 2014 11:10:01 +0900
2014-12-18T11:09:11+09:00
localhost
Thu, 18 Dec 2014 11:10:01 +0900
2014-12-18T11:09:11+09:00
01
Thu, 18 Dec 2014 11:10:06 +0900
2014-12-18T11:09:11+09:00
02
Thu, 18 Dec 2014 11:10:06 +0900
2014-12-18T11:09:11+09:00
03
Thu, 18 Dec 2014 11:10:06 +0900
2014-12-18T11:09:11+09:00
04
Thu, 18 Dec 2014 11:10:06 +0900
2014-12-18T11:09:11+09:00
05
Thu, 18 Dec 2014 11:10:06 +0900
2014-12-18T11:09:11+09:00
06
Thu, 18 Dec 2014 11:10:06 +0900
2014-12-18T11:09:11+09:00
07
Thu, 18 Dec 2014 11:10:06 +0900
2014-12-18T11:09:11+09:00
08
Thu, 18 Dec 2014 11:10:06 +0900
2014-12-18T11:09:11+09:00
09
Thu, 18 Dec 2014 11:10:06 +0900
2014-12-18T11:09:11+09:00
10
Thu, 18 Dec 2014 11:10:06 +0900
2014-12-18T11:09:11+09:00
11
Thu, 18 Dec 2014 11:10:06 +0900
2014-12-18T11:09:11+09:00
12
Thu, 18 Dec 2014 11:10:06 +0900
2014-12-18T11:09:11+09:00
13
Thu, 18 Dec 2014 11:10:06 +0900
2014-12-18T11:09:11+09:00
14
Thu, 18 Dec 2014 11:10:06 +0900
2014-12-18T11:09:11+09:00
15
Thu, 18 Dec 2014 11:10:06 +0900
2014-12-18T11:09:11+09:00
16
Thu, 18 Dec 2014 11:10:06 +0900
2014-12-18T11:09:11+09:00
17
Thu, 18 Dec 2014 11:10:06 +0900
2014-12-18T11:09:11+09:00
18
Thu, 18 Dec 2014 11:10:06 +0900
2014-12-18T11:09:11+09:00
19
Thu, 18 Dec 2014 11:10:06 +0900
2014-12-18T11:09:11+09:00
20
Thu, 18 Dec 2014 11:10:06 +0900
2014-12-18T11:09:11+09:00
medusagw
Thu, 18 Dec 2014 11:10:06 +0900
2014-12-18T11:09:11+09:00
localhost
Thu, 18 Dec 2014 11:10:06 +0900
2014-12-18T11:09:11+09:00
01
Thu, 18 Dec 2014 11:10:11 +0900
2014-12-18T11:09:11+09:00
>  1 jobs are going to be submitted
> priority: 0
> 
submitting jobs to 01: []
> priority: 1
> 
submitting jobs to 01: []
> priority: 2
> 
submitting jobs to 01: []
02
Thu, 18 Dec 2014 11:10:11 +0900
2014-12-18T11:09:11+09:00
>  1 jobs are going to be submitted
> priority: 0
> 
submitting jobs to 02: []
> priority: 1
> 549237797a597a8a0d000002
submitting jobs to 02: ["549237797a597a8a0d000002"]
> starting SSH session
> connection is established
> starting loop on run
>> Run:549237797a597a8a0d000002
>> in submit_remote_job
>> creating remote working directory
>> preparing input json
>> executing pre-process
>> preparing job script
>> submitting job to a scheduler
>> job_parameters: {}
>> cmd: cd ~/workspace/549237797a597a8a0d000002 && nohup bash ~/workspace/549237797a597a8a0d000002.sh > /dev/null 2>&1 < /dev/null & basename ~/workspace/549237797a597a8a0d000002.sh
>>> calling SSHUtil.execute2
