starting
!!!!!!!!!!!! WORKERLOG istrue!!!!!!!!!!!!
submitting jobs to 01: []
submitting jobs to 01: []
submitting jobs to 01: []
submitting jobs to 02: []
submitting jobs to 02: []
submitting jobs to 02: []
submitting jobs to 03: []
submitting jobs to 03: []
submitting jobs to 03: []
submitting jobs to 04: []
submitting jobs to 04: []
submitting jobs to 04: []
submitting jobs to 05: []
submitting jobs to 05: []
submitting jobs to 05: []
submitting jobs to 06: []
submitting jobs to 06: []
submitting jobs to 06: []
submitting jobs to 07: []
submitting jobs to 07: []
submitting jobs to 07: []
submitting jobs to 08: []
submitting jobs to 08: []
submitting jobs to 08: []
submitting jobs to 09: []
submitting jobs to 09: []
submitting jobs to 09: []
submitting jobs to 10: []
submitting jobs to 10: []
submitting jobs to 10: []
submitting jobs to 11: []
submitting jobs to 11: []
submitting jobs to 11: []
submitting jobs to 12: []
submitting jobs to 12: []
submitting jobs to 12: []
submitting jobs to 13: []
submitting jobs to 13: []
submitting jobs to 13: []
submitting jobs to 14: []
submitting jobs to 14: []
submitting jobs to 14: []
submitting jobs to 15: []
submitting jobs to 15: []
submitting jobs to 15: []
submitting jobs to 16: []
submitting jobs to 16: []
submitting jobs to 16: []
submitting jobs to 17: []
submitting jobs to 17: []
submitting jobs to 17: []
submitting jobs to 18: []
submitting jobs to 18: []
submitting jobs to 18: []
submitting jobs to 19: []
submitting jobs to 19: []
submitting jobs to 19: []
submitting jobs to 20: []
submitting jobs to 20: []
submitting jobs to 20: []
submitting jobs to kubo-desktop: []
Error in JobSubmitter: #<Net::SSH::AuthenticationFailed: Authentication failed for user kubo@kubo-desktop>
["/home/kubo/oacis/vendor/bundle/ruby/1.9.1/gems/net-ssh-2.8.0/lib/net/ssh.rb:217:in `start'", "/home/kubo/oacis/app/models/host.rb:121:in `start_ssh'", "/home/kubo/oacis/app/workers/job_submitter.rb:31:in `submit'", "/home/kubo/oacis/app/workers/job_submitter.rb:16:in `block (2 levels) in perform'", "/home/kubo/oacis/app/workers/job_submitter.rb:11:in `each'", "/home/kubo/oacis/app/workers/job_submitter.rb:11:in `block in perform'", "/home/kubo/oacis/vendor/bundle/ruby/1.9.1/gems/mongoid-3.1.6/lib/mongoid/contextual/mongo.rb:640:in `yield_document'", "/home/kubo/oacis/vendor/bundle/ruby/1.9.1/gems/mongoid-3.1.6/lib/mongoid/contextual/mongo.rb:123:in `block (2 levels) in each'", "/home/kubo/oacis/vendor/bundle/ruby/1.9.1/gems/moped-1.5.2/lib/moped/query.rb:77:in `block in each'", "/home/kubo/oacis/vendor/bundle/ruby/1.9.1/gems/moped-1.5.2/lib/moped/cursor.rb:26:in `block in each'", "/home/kubo/oacis/vendor/bundle/ruby/1.9.1/gems/moped-1.5.2/lib/moped/cursor.rb:26:in `each'", "/home/kubo/oacis/vendor/bundle/ruby/1.9.1/gems/moped-1.5.2/lib/moped/cursor.rb:26:in `each'", "/home/kubo/oacis/vendor/bundle/ruby/1.9.1/gems/moped-1.5.2/lib/moped/query.rb:76:in `each'", "/home/kubo/oacis/vendor/bundle/ruby/1.9.1/gems/moped-1.5.2/lib/moped/query.rb:76:in `each'", "/home/kubo/oacis/vendor/bundle/ruby/1.9.1/gems/mongoid-3.1.6/lib/mongoid/contextual/mongo.rb:122:in `block in each'", "/home/kubo/oacis/vendor/bundle/ruby/1.9.1/gems/mongoid-3.1.6/lib/mongoid/contextual/mongo.rb:619:in `selecting'", "/home/kubo/oacis/vendor/bundle/ruby/1.9.1/gems/mongoid-3.1.6/lib/mongoid/contextual/mongo.rb:121:in `each'", "/home/kubo/oacis/vendor/bundle/ruby/1.9.1/gems/mongoid-3.1.6/lib/mongoid/contextual.rb:19:in `each'", "/home/kubo/oacis/app/workers/job_submitter.rb:5:in `perform'", "/home/kubo/oacis/app/workers/job_worker.rb:20:in `block in start'", "/home/kubo/oacis/app/workers/job_worker.rb:19:in `loop'", "/home/kubo/oacis/app/workers/job_worker.rb:19:in `start'", "/home/kubo/oacis/vendor/bundle/ruby/1.9.1/gems/daemon-spawn-0.4.2/lib/daemon_spawn.rb:51:in `block in start'", "/home/kubo/oacis/vendor/bundle/ruby/1.9.1/gems/daemon-spawn-0.4.2/lib/daemon_spawn.rb:38:in `fork'", "/home/kubo/oacis/vendor/bundle/ruby/1.9.1/gems/daemon-spawn-0.4.2/lib/daemon_spawn.rb:38:in `start'", "/home/kubo/oacis/vendor/bundle/ruby/1.9.1/gems/daemon-spawn-0.4.2/lib/daemon_spawn.rb:181:in `block in start'", "/home/kubo/oacis/vendor/bundle/ruby/1.9.1/gems/daemon-spawn-0.4.2/lib/daemon_spawn.rb:181:in `map'", "/home/kubo/oacis/vendor/bundle/ruby/1.9.1/gems/daemon-spawn-0.4.2/lib/daemon_spawn.rb:181:in `start'", "/home/kubo/oacis/vendor/bundle/ruby/1.9.1/gems/daemon-spawn-0.4.2/lib/daemon_spawn.rb:165:in `spawn!'", "/home/kubo/oacis/app/workers/job_worker.rb:59:in `<main>'"]
submitting jobs to medusagw: []
submitting jobs to medusagw: []
submitting jobs to medusagw: []
submitting jobs to localhost: []
submitting jobs to localhost: []
submitting jobs to localhost: []
observing 01
observing 02
observing 03
observing 04
observing 05
observing 06
observing 07
observing 08
observing 09
observing 10
observing 11
observing 12
observing 13
observing 14
observing 15
observing 16
observing 17
observing 18
observing 19
observing 20
observing kubo-desktop
observing medusagw
observing localhost
submitting jobs to 01: []
submitting jobs to 01: []
submitting jobs to 01: []
submitting jobs to 02: []
submitting jobs to 02: []
submitting jobs to 02: []
submitting jobs to 03: []
submitting jobs to 03: []
submitting jobs to 03: []
submitting jobs to 04: []
submitting jobs to 04: []
submitting jobs to 04: []
submitting jobs to 05: []
submitting jobs to 05: []
submitting jobs to 05: []
submitting jobs to 06: []
submitting jobs to 06: []
submitting jobs to 06: []
submitting jobs to 07: []
submitting jobs to 07: []
submitting jobs to 07: []
submitting jobs to 08: []
submitting jobs to 08: []
submitting jobs to 08: []
submitting jobs to 09: []
submitting jobs to 09: []
submitting jobs to 09: []
submitting jobs to 10: []
submitting jobs to 10: []
submitting jobs to 10: []
submitting jobs to 11: []
submitting jobs to 11: []
submitting jobs to 11: []
submitting jobs to 12: []
submitting jobs to 12: []
submitting jobs to 12: []
submitting jobs to 13: []
submitting jobs to 13: []
submitting jobs to 13: []
submitting jobs to 14: []
submitting jobs to 14: []
submitting jobs to 14: []
submitting jobs to 15: []
submitting jobs to 15: []
submitting jobs to 15: []
submitting jobs to 16: []
submitting jobs to 16: []
submitting jobs to 16: []
submitting jobs to 17: []
submitting jobs to 17: []
submitting jobs to 17: []
submitting jobs to 18: []
submitting jobs to 18: []
submitting jobs to 18: []
submitting jobs to 19: []
submitting jobs to 19: []
submitting jobs to 19: []
submitting jobs to 20: []
submitting jobs to 20: []
submitting jobs to 20: []
submitting jobs to kubo-desktop: []
Error in JobSubmitter: #<Net::SSH::AuthenticationFailed: Authentication failed for user kubo@kubo-desktop>
["/home/kubo/oacis/vendor/bundle/ruby/1.9.1/gems/net-ssh-2.8.0/lib/net/ssh.rb:217:in `start'", "/home/kubo/oacis/app/models/host.rb:121:in `start_ssh'", "/home/kubo/oacis/app/workers/job_submitter.rb:31:in `submit'", "/home/kubo/oacis/app/workers/job_submitter.rb:16:in `block (2 levels) in perform'", "/home/kubo/oacis/app/workers/job_submitter.rb:11:in `each'", "/home/kubo/oacis/app/workers/job_submitter.rb:11:in `block in perform'", "/home/kubo/oacis/vendor/bundle/ruby/1.9.1/gems/mongoid-3.1.6/lib/mongoid/contextual/mongo.rb:640:in `yield_document'", "/home/kubo/oacis/vendor/bundle/ruby/1.9.1/gems/mongoid-3.1.6/lib/mongoid/contextual/mongo.rb:123:in `block (2 levels) in each'", "/home/kubo/oacis/vendor/bundle/ruby/1.9.1/gems/moped-1.5.2/lib/moped/query.rb:77:in `block in each'", "/home/kubo/oacis/vendor/bundle/ruby/1.9.1/gems/moped-1.5.2/lib/moped/cursor.rb:26:in `block in each'", "/home/kubo/oacis/vendor/bundle/ruby/1.9.1/gems/moped-1.5.2/lib/moped/cursor.rb:26:in `each'", "/home/kubo/oacis/vendor/bundle/ruby/1.9.1/gems/moped-1.5.2/lib/moped/cursor.rb:26:in `each'", "/home/kubo/oacis/vendor/bundle/ruby/1.9.1/gems/moped-1.5.2/lib/moped/query.rb:76:in `each'", "/home/kubo/oacis/vendor/bundle/ruby/1.9.1/gems/moped-1.5.2/lib/moped/query.rb:76:in `each'", "/home/kubo/oacis/vendor/bundle/ruby/1.9.1/gems/mongoid-3.1.6/lib/mongoid/contextual/mongo.rb:122:in `block in each'", "/home/kubo/oacis/vendor/bundle/ruby/1.9.1/gems/mongoid-3.1.6/lib/mongoid/contextual/mongo.rb:619:in `selecting'", "/home/kubo/oacis/vendor/bundle/ruby/1.9.1/gems/mongoid-3.1.6/lib/mongoid/contextual/mongo.rb:121:in `each'", "/home/kubo/oacis/vendor/bundle/ruby/1.9.1/gems/mongoid-3.1.6/lib/mongoid/contextual.rb:19:in `each'", "/home/kubo/oacis/app/workers/job_submitter.rb:5:in `perform'", "/home/kubo/oacis/app/workers/job_worker.rb:20:in `block in start'", "/home/kubo/oacis/app/workers/job_worker.rb:19:in `loop'", "/home/kubo/oacis/app/workers/job_worker.rb:19:in `start'", "/home/kubo/oacis/vendor/bundle/ruby/1.9.1/gems/daemon-spawn-0.4.2/lib/daemon_spawn.rb:51:in `block in start'", "/home/kubo/oacis/vendor/bundle/ruby/1.9.1/gems/daemon-spawn-0.4.2/lib/daemon_spawn.rb:38:in `fork'", "/home/kubo/oacis/vendor/bundle/ruby/1.9.1/gems/daemon-spawn-0.4.2/lib/daemon_spawn.rb:38:in `start'", "/home/kubo/oacis/vendor/bundle/ruby/1.9.1/gems/daemon-spawn-0.4.2/lib/daemon_spawn.rb:181:in `block in start'", "/home/kubo/oacis/vendor/bundle/ruby/1.9.1/gems/daemon-spawn-0.4.2/lib/daemon_spawn.rb:181:in `map'", "/home/kubo/oacis/vendor/bundle/ruby/1.9.1/gems/daemon-spawn-0.4.2/lib/daemon_spawn.rb:181:in `start'", "/home/kubo/oacis/vendor/bundle/ruby/1.9.1/gems/daemon-spawn-0.4.2/lib/daemon_spawn.rb:165:in `spawn!'", "/home/kubo/oacis/app/workers/job_worker.rb:59:in `<main>'"]
submitting jobs to medusagw: []
submitting jobs to medusagw: []
submitting jobs to medusagw: []
submitting jobs to localhost: []
submitting jobs to localhost: []
submitting jobs to localhost: []
observing 01
observing 02
observing 03
observing 04
observing 05
observing 06
observing 07
observing 08
observing 09
observing 10
observing 11
observing 12
observing 13
observing 14
observing 15
observing 16
observing 17
observing 18
observing 19
observing 20
observing kubo-desktop
observing medusagw
observing localhost
submitting jobs to 01: []
submitting jobs to 01: []
submitting jobs to 01: []
submitting jobs to 02: []
submitting jobs to 02: []
submitting jobs to 02: []
submitting jobs to 03: []
submitting jobs to 03: []
submitting jobs to 03: []
submitting jobs to 04: []
submitting jobs to 04: []
submitting jobs to 04: []
submitting jobs to 05: []
submitting jobs to 05: []
submitting jobs to 05: []
submitting jobs to 06: []
submitting jobs to 06: []
submitting jobs to 06: []
submitting jobs to 07: []
submitting jobs to 07: []
submitting jobs to 07: []
submitting jobs to 08: []
submitting jobs to 08: []
submitting jobs to 08: []
submitting jobs to 09: []
submitting jobs to 09: []
submitting jobs to 09: []
submitting jobs to 10: []
submitting jobs to 10: []
submitting jobs to 10: []
submitting jobs to 11: []
submitting jobs to 11: []
submitting jobs to 11: []
submitting jobs to 12: []
submitting jobs to 12: []
submitting jobs to 12: []
submitting jobs to 13: []
submitting jobs to 13: []
submitting jobs to 13: []
submitting jobs to 14: []
submitting jobs to 14: []
submitting jobs to 14: []
submitting jobs to 15: []
submitting jobs to 15: []
submitting jobs to 15: []
submitting jobs to 16: []
submitting jobs to 16: []
submitting jobs to 16: []
submitting jobs to 17: []
submitting jobs to 17: []
submitting jobs to 17: []
submitting jobs to 18: []
submitting jobs to 18: []
submitting jobs to 18: []
submitting jobs to 19: []
submitting jobs to 19: []
submitting jobs to 19: []
submitting jobs to 20: []
submitting jobs to 20: []
submitting jobs to 20: []
submitting jobs to kubo-desktop: []
Error in JobSubmitter: #<Net::SSH::AuthenticationFailed: Authentication failed for user kubo@kubo-desktop>
["/home/kubo/oacis/vendor/bundle/ruby/1.9.1/gems/net-ssh-2.8.0/lib/net/ssh.rb:217:in `start'", "/home/kubo/oacis/app/models/host.rb:121:in `start_ssh'", "/home/kubo/oacis/app/workers/job_submitter.rb:31:in `submit'", "/home/kubo/oacis/app/workers/job_submitter.rb:16:in `block (2 levels) in perform'", "/home/kubo/oacis/app/workers/job_submitter.rb:11:in `each'", "/home/kubo/oacis/app/workers/job_submitter.rb:11:in `block in perform'", "/home/kubo/oacis/vendor/bundle/ruby/1.9.1/gems/mongoid-3.1.6/lib/mongoid/contextual/mongo.rb:640:in `yield_document'", "/home/kubo/oacis/vendor/bundle/ruby/1.9.1/gems/mongoid-3.1.6/lib/mongoid/contextual/mongo.rb:123:in `block (2 levels) in each'", "/home/kubo/oacis/vendor/bundle/ruby/1.9.1/gems/moped-1.5.2/lib/moped/query.rb:77:in `block in each'", "/home/kubo/oacis/vendor/bundle/ruby/1.9.1/gems/moped-1.5.2/lib/moped/cursor.rb:26:in `block in each'", "/home/kubo/oacis/vendor/bundle/ruby/1.9.1/gems/moped-1.5.2/lib/moped/cursor.rb:26:in `each'", "/home/kubo/oacis/vendor/bundle/ruby/1.9.1/gems/moped-1.5.2/lib/moped/cursor.rb:26:in `each'", "/home/kubo/oacis/vendor/bundle/ruby/1.9.1/gems/moped-1.5.2/lib/moped/query.rb:76:in `each'", "/home/kubo/oacis/vendor/bundle/ruby/1.9.1/gems/moped-1.5.2/lib/moped/query.rb:76:in `each'", "/home/kubo/oacis/vendor/bundle/ruby/1.9.1/gems/mongoid-3.1.6/lib/mongoid/contextual/mongo.rb:122:in `block in each'", "/home/kubo/oacis/vendor/bundle/ruby/1.9.1/gems/mongoid-3.1.6/lib/mongoid/contextual/mongo.rb:619:in `selecting'", "/home/kubo/oacis/vendor/bundle/ruby/1.9.1/gems/mongoid-3.1.6/lib/mongoid/contextual/mongo.rb:121:in `each'", "/home/kubo/oacis/vendor/bundle/ruby/1.9.1/gems/mongoid-3.1.6/lib/mongoid/contextual.rb:19:in `each'", "/home/kubo/oacis/app/workers/job_submitter.rb:5:in `perform'", "/home/kubo/oacis/app/workers/job_worker.rb:20:in `block in start'", "/home/kubo/oacis/app/workers/job_worker.rb:19:in `loop'", "/home/kubo/oacis/app/workers/job_worker.rb:19:in `start'", "/home/kubo/oacis/vendor/bundle/ruby/1.9.1/gems/daemon-spawn-0.4.2/lib/daemon_spawn.rb:51:in `block in start'", "/home/kubo/oacis/vendor/bundle/ruby/1.9.1/gems/daemon-spawn-0.4.2/lib/daemon_spawn.rb:38:in `fork'", "/home/kubo/oacis/vendor/bundle/ruby/1.9.1/gems/daemon-spawn-0.4.2/lib/daemon_spawn.rb:38:in `start'", "/home/kubo/oacis/vendor/bundle/ruby/1.9.1/gems/daemon-spawn-0.4.2/lib/daemon_spawn.rb:181:in `block in start'", "/home/kubo/oacis/vendor/bundle/ruby/1.9.1/gems/daemon-spawn-0.4.2/lib/daemon_spawn.rb:181:in `map'", "/home/kubo/oacis/vendor/bundle/ruby/1.9.1/gems/daemon-spawn-0.4.2/lib/daemon_spawn.rb:181:in `start'", "/home/kubo/oacis/vendor/bundle/ruby/1.9.1/gems/daemon-spawn-0.4.2/lib/daemon_spawn.rb:165:in `spawn!'", "/home/kubo/oacis/app/workers/job_worker.rb:59:in `<main>'"]
submitting jobs to medusagw: []
submitting jobs to medusagw: []
submitting jobs to medusagw: []
submitting jobs to localhost: []
submitting jobs to localhost: []
submitting jobs to localhost: []
observing 01
observing 02
observing 03
observing 04
observing 05
observing 06
observing 07
observing 08
observing 09
observing 10
observing 11
observing 12
observing 13
observing 14
observing 15
observing 16
observing 17
observing 18
observing 19
observing 20
observing kubo-desktop
observing medusagw
observing localhost
submitting jobs to 01: []
submitting jobs to 01: ["548f84957a597a1d9d000003"]
submitting jobs to 02: []
submitting jobs to 02: []
submitting jobs to 02: []
submitting jobs to 03: []
submitting jobs to 03: []
submitting jobs to 03: []
submitting jobs to 04: []
submitting jobs to 04: []
submitting jobs to 04: []
submitting jobs to 05: []
submitting jobs to 05: []
submitting jobs to 05: []
submitting jobs to 06: []
submitting jobs to 06: []
submitting jobs to 06: []
submitting jobs to 07: []
submitting jobs to 07: []
submitting jobs to 07: []
submitting jobs to 08: []
submitting jobs to 08: []
submitting jobs to 08: []
submitting jobs to 09: []
submitting jobs to 09: []
submitting jobs to 09: []
submitting jobs to 10: []
submitting jobs to 10: []
submitting jobs to 10: []
submitting jobs to 11: []
submitting jobs to 11: []
submitting jobs to 11: []
submitting jobs to 12: []
submitting jobs to 12: []
submitting jobs to 12: []
submitting jobs to 13: []
submitting jobs to 13: []
submitting jobs to 13: []
submitting jobs to 14: []
submitting jobs to 14: []
submitting jobs to 14: []
submitting jobs to 15: []
submitting jobs to 15: []
submitting jobs to 15: []
submitting jobs to 16: []
submitting jobs to 16: []
submitting jobs to 16: []
submitting jobs to 17: []
submitting jobs to 17: []
submitting jobs to 17: []
submitting jobs to 18: []
submitting jobs to 18: []
submitting jobs to 18: []
submitting jobs to 19: []
submitting jobs to 19: []
submitting jobs to 19: []
submitting jobs to 20: []
submitting jobs to 20: []
submitting jobs to 20: []
submitting jobs to kubo-desktop: []
Error in JobSubmitter: #<Net::SSH::AuthenticationFailed: Authentication failed for user kubo@kubo-desktop>
["/home/kubo/oacis/vendor/bundle/ruby/1.9.1/gems/net-ssh-2.8.0/lib/net/ssh.rb:217:in `start'", "/home/kubo/oacis/app/models/host.rb:121:in `start_ssh'", "/home/kubo/oacis/app/workers/job_submitter.rb:31:in `submit'", "/home/kubo/oacis/app/workers/job_submitter.rb:16:in `block (2 levels) in perform'", "/home/kubo/oacis/app/workers/job_submitter.rb:11:in `each'", "/home/kubo/oacis/app/workers/job_submitter.rb:11:in `block in perform'", "/home/kubo/oacis/vendor/bundle/ruby/1.9.1/gems/mongoid-3.1.6/lib/mongoid/contextual/mongo.rb:640:in `yield_document'", "/home/kubo/oacis/vendor/bundle/ruby/1.9.1/gems/mongoid-3.1.6/lib/mongoid/contextual/mongo.rb:123:in `block (2 levels) in each'", "/home/kubo/oacis/vendor/bundle/ruby/1.9.1/gems/moped-1.5.2/lib/moped/query.rb:77:in `block in each'", "/home/kubo/oacis/vendor/bundle/ruby/1.9.1/gems/moped-1.5.2/lib/moped/cursor.rb:26:in `block in each'", "/home/kubo/oacis/vendor/bundle/ruby/1.9.1/gems/moped-1.5.2/lib/moped/cursor.rb:26:in `each'", "/home/kubo/oacis/vendor/bundle/ruby/1.9.1/gems/moped-1.5.2/lib/moped/cursor.rb:26:in `each'", "/home/kubo/oacis/vendor/bundle/ruby/1.9.1/gems/moped-1.5.2/lib/moped/query.rb:76:in `each'", "/home/kubo/oacis/vendor/bundle/ruby/1.9.1/gems/moped-1.5.2/lib/moped/query.rb:76:in `each'", "/home/kubo/oacis/vendor/bundle/ruby/1.9.1/gems/mongoid-3.1.6/lib/mongoid/contextual/mongo.rb:122:in `block in each'", "/home/kubo/oacis/vendor/bundle/ruby/1.9.1/gems/mongoid-3.1.6/lib/mongoid/contextual/mongo.rb:619:in `selecting'", "/home/kubo/oacis/vendor/bundle/ruby/1.9.1/gems/mongoid-3.1.6/lib/mongoid/contextual/mongo.rb:121:in `each'", "/home/kubo/oacis/vendor/bundle/ruby/1.9.1/gems/mongoid-3.1.6/lib/mongoid/contextual.rb:19:in `each'", "/home/kubo/oacis/app/workers/job_submitter.rb:5:in `perform'", "/home/kubo/oacis/app/workers/job_worker.rb:20:in `block in start'", "/home/kubo/oacis/app/workers/job_worker.rb:19:in `loop'", "/home/kubo/oacis/app/workers/job_worker.rb:19:in `start'", "/home/kubo/oacis/vendor/bundle/ruby/1.9.1/gems/daemon-spawn-0.4.2/lib/daemon_spawn.rb:51:in `block in start'", "/home/kubo/oacis/vendor/bundle/ruby/1.9.1/gems/daemon-spawn-0.4.2/lib/daemon_spawn.rb:38:in `fork'", "/home/kubo/oacis/vendor/bundle/ruby/1.9.1/gems/daemon-spawn-0.4.2/lib/daemon_spawn.rb:38:in `start'", "/home/kubo/oacis/vendor/bundle/ruby/1.9.1/gems/daemon-spawn-0.4.2/lib/daemon_spawn.rb:181:in `block in start'", "/home/kubo/oacis/vendor/bundle/ruby/1.9.1/gems/daemon-spawn-0.4.2/lib/daemon_spawn.rb:181:in `map'", "/home/kubo/oacis/vendor/bundle/ruby/1.9.1/gems/daemon-spawn-0.4.2/lib/daemon_spawn.rb:181:in `start'", "/home/kubo/oacis/vendor/bundle/ruby/1.9.1/gems/daemon-spawn-0.4.2/lib/daemon_spawn.rb:165:in `spawn!'", "/home/kubo/oacis/app/workers/job_worker.rb:59:in `<main>'"]
submitting jobs to medusagw: []
submitting jobs to medusagw: []
submitting jobs to medusagw: []
submitting jobs to localhost: []
submitting jobs to localhost: []
submitting jobs to localhost: []
observing 01
observing 02
observing 03
observing 04
observing 05
observing 06
observing 07
observing 08
observing 09
observing 10
observing 11
observing 12
observing 13
observing 14
observing 15
observing 16
observing 17
observing 18
observing 19
observing 20
observing kubo-desktop
observing medusagw
observing localhost
submitting jobs to 01: []
submitting jobs to 01: []
submitting jobs to 01: []
submitting jobs to 02: []
submitting jobs to 02: []
submitting jobs to 02: []
submitting jobs to 03: []
submitting jobs to 03: []
submitting jobs to 03: []
submitting jobs to 04: []
submitting jobs to 04: []
submitting jobs to 04: []
submitting jobs to 05: []
submitting jobs to 05: []
submitting jobs to 05: []
submitting jobs to 06: []
submitting jobs to 06: []
submitting jobs to 06: []
submitting jobs to 07: []
submitting jobs to 07: []
submitting jobs to 07: []
submitting jobs to 08: []
submitting jobs to 08: []
submitting jobs to 08: []
submitting jobs to 09: []
submitting jobs to 09: []
submitting jobs to 09: []
submitting jobs to 10: []
submitting jobs to 10: []
submitting jobs to 10: []
submitting jobs to 11: []
submitting jobs to 11: []
submitting jobs to 11: []
submitting jobs to 12: []
submitting jobs to 12: []
submitting jobs to 12: []
submitting jobs to 13: []
submitting jobs to 13: []
submitting jobs to 13: []
submitting jobs to 14: []
submitting jobs to 14: []
submitting jobs to 14: []
submitting jobs to 15: []
submitting jobs to 15: []
submitting jobs to 15: []
submitting jobs to 16: []
submitting jobs to 16: []
submitting jobs to 16: []
submitting jobs to 17: []
submitting jobs to 17: []
submitting jobs to 17: []
submitting jobs to 18: []
submitting jobs to 18: []
submitting jobs to 18: []
submitting jobs to 19: []
submitting jobs to 19: []
submitting jobs to 19: []
submitting jobs to 20: []
submitting jobs to 20: []
submitting jobs to 20: []
submitting jobs to kubo-desktop: []
Error in JobSubmitter: #<Net::SSH::AuthenticationFailed: Authentication failed for user kubo@kubo-desktop>
["/home/kubo/oacis/vendor/bundle/ruby/1.9.1/gems/net-ssh-2.8.0/lib/net/ssh.rb:217:in `start'", "/home/kubo/oacis/app/models/host.rb:121:in `start_ssh'", "/home/kubo/oacis/app/workers/job_submitter.rb:31:in `submit'", "/home/kubo/oacis/app/workers/job_submitter.rb:16:in `block (2 levels) in perform'", "/home/kubo/oacis/app/workers/job_submitter.rb:11:in `each'", "/home/kubo/oacis/app/workers/job_submitter.rb:11:in `block in perform'", "/home/kubo/oacis/vendor/bundle/ruby/1.9.1/gems/mongoid-3.1.6/lib/mongoid/contextual/mongo.rb:640:in `yield_document'", "/home/kubo/oacis/vendor/bundle/ruby/1.9.1/gems/mongoid-3.1.6/lib/mongoid/contextual/mongo.rb:123:in `block (2 levels) in each'", "/home/kubo/oacis/vendor/bundle/ruby/1.9.1/gems/moped-1.5.2/lib/moped/query.rb:77:in `block in each'", "/home/kubo/oacis/vendor/bundle/ruby/1.9.1/gems/moped-1.5.2/lib/moped/cursor.rb:26:in `block in each'", "/home/kubo/oacis/vendor/bundle/ruby/1.9.1/gems/moped-1.5.2/lib/moped/cursor.rb:26:in `each'", "/home/kubo/oacis/vendor/bundle/ruby/1.9.1/gems/moped-1.5.2/lib/moped/cursor.rb:26:in `each'", "/home/kubo/oacis/vendor/bundle/ruby/1.9.1/gems/moped-1.5.2/lib/moped/query.rb:76:in `each'", "/home/kubo/oacis/vendor/bundle/ruby/1.9.1/gems/moped-1.5.2/lib/moped/query.rb:76:in `each'", "/home/kubo/oacis/vendor/bundle/ruby/1.9.1/gems/mongoid-3.1.6/lib/mongoid/contextual/mongo.rb:122:in `block in each'", "/home/kubo/oacis/vendor/bundle/ruby/1.9.1/gems/mongoid-3.1.6/lib/mongoid/contextual/mongo.rb:619:in `selecting'", "/home/kubo/oacis/vendor/bundle/ruby/1.9.1/gems/mongoid-3.1.6/lib/mongoid/contextual/mongo.rb:121:in `each'", "/home/kubo/oacis/vendor/bundle/ruby/1.9.1/gems/mongoid-3.1.6/lib/mongoid/contextual.rb:19:in `each'", "/home/kubo/oacis/app/workers/job_submitter.rb:5:in `perform'", "/home/kubo/oacis/app/workers/job_worker.rb:20:in `block in start'", "/home/kubo/oacis/app/workers/job_worker.rb:19:in `loop'", "/home/kubo/oacis/app/workers/job_worker.rb:19:in `start'", "/home/kubo/oacis/vendor/bundle/ruby/1.9.1/gems/daemon-spawn-0.4.2/lib/daemon_spawn.rb:51:in `block in start'", "/home/kubo/oacis/vendor/bundle/ruby/1.9.1/gems/daemon-spawn-0.4.2/lib/daemon_spawn.rb:38:in `fork'", "/home/kubo/oacis/vendor/bundle/ruby/1.9.1/gems/daemon-spawn-0.4.2/lib/daemon_spawn.rb:38:in `start'", "/home/kubo/oacis/vendor/bundle/ruby/1.9.1/gems/daemon-spawn-0.4.2/lib/daemon_spawn.rb:181:in `block in start'", "/home/kubo/oacis/vendor/bundle/ruby/1.9.1/gems/daemon-spawn-0.4.2/lib/daemon_spawn.rb:181:in `map'", "/home/kubo/oacis/vendor/bundle/ruby/1.9.1/gems/daemon-spawn-0.4.2/lib/daemon_spawn.rb:181:in `start'", "/home/kubo/oacis/vendor/bundle/ruby/1.9.1/gems/daemon-spawn-0.4.2/lib/daemon_spawn.rb:165:in `spawn!'", "/home/kubo/oacis/app/workers/job_worker.rb:59:in `<main>'"]
submitting jobs to medusagw: []
submitting jobs to medusagw: []
submitting jobs to medusagw: []
submitting jobs to localhost: []
submitting jobs to localhost: []
submitting jobs to localhost: []
observing 01
observing 02
observing 03
observing 04
observing 05
observing 06
observing 07
observing 08
observing 09
observing 10
observing 11
observing 12
observing 13
observing 14
observing 15
observing 16
observing 17
observing 18
observing 19
observing 20
observing kubo-desktop
observing medusagw
observing localhost
submitting jobs to 01: []
submitting jobs to 01: []
submitting jobs to 01: []
submitting jobs to 02: []
submitting jobs to 02: []
submitting jobs to 02: []
submitting jobs to 03: []
submitting jobs to 03: []
submitting jobs to 03: []
submitting jobs to 04: []
submitting jobs to 04: []
submitting jobs to 04: []
submitting jobs to 05: []
submitting jobs to 05: []
submitting jobs to 05: []
submitting jobs to 06: []
submitting jobs to 06: []
submitting jobs to 06: []
submitting jobs to 07: []
submitting jobs to 07: []
submitting jobs to 07: []
submitting jobs to 08: []
submitting jobs to 08: []
submitting jobs to 08: []
submitting jobs to 09: []
submitting jobs to 09: []
submitting jobs to 09: []
submitting jobs to 10: []
submitting jobs to 10: []
submitting jobs to 10: []
submitting jobs to 11: []
submitting jobs to 11: []
submitting jobs to 11: []
submitting jobs to 12: []
submitting jobs to 12: []
submitting jobs to 12: []
submitting jobs to 13: []
submitting jobs to 13: []
submitting jobs to 13: []
submitting jobs to 14: []
submitting jobs to 14: []
submitting jobs to 14: []
submitting jobs to 15: []
submitting jobs to 15: []
submitting jobs to 15: []
submitting jobs to 16: []
submitting jobs to 16: []
submitting jobs to 16: []
submitting jobs to 17: []
submitting jobs to 17: []
submitting jobs to 17: []
submitting jobs to 18: []
submitting jobs to 18: []
submitting jobs to 18: []
submitting jobs to 19: []
submitting jobs to 19: []
submitting jobs to 19: []
submitting jobs to 20: []
submitting jobs to 20: []
submitting jobs to 20: []
submitting jobs to kubo-desktop: []
Error in JobSubmitter: #<Net::SSH::AuthenticationFailed: Authentication failed for user kubo@kubo-desktop>
["/home/kubo/oacis/vendor/bundle/ruby/1.9.1/gems/net-ssh-2.8.0/lib/net/ssh.rb:217:in `start'", "/home/kubo/oacis/app/models/host.rb:121:in `start_ssh'", "/home/kubo/oacis/app/workers/job_submitter.rb:31:in `submit'", "/home/kubo/oacis/app/workers/job_submitter.rb:16:in `block (2 levels) in perform'", "/home/kubo/oacis/app/workers/job_submitter.rb:11:in `each'", "/home/kubo/oacis/app/workers/job_submitter.rb:11:in `block in perform'", "/home/kubo/oacis/vendor/bundle/ruby/1.9.1/gems/mongoid-3.1.6/lib/mongoid/contextual/mongo.rb:640:in `yield_document'", "/home/kubo/oacis/vendor/bundle/ruby/1.9.1/gems/mongoid-3.1.6/lib/mongoid/contextual/mongo.rb:123:in `block (2 levels) in each'", "/home/kubo/oacis/vendor/bundle/ruby/1.9.1/gems/moped-1.5.2/lib/moped/query.rb:77:in `block in each'", "/home/kubo/oacis/vendor/bundle/ruby/1.9.1/gems/moped-1.5.2/lib/moped/cursor.rb:26:in `block in each'", "/home/kubo/oacis/vendor/bundle/ruby/1.9.1/gems/moped-1.5.2/lib/moped/cursor.rb:26:in `each'", "/home/kubo/oacis/vendor/bundle/ruby/1.9.1/gems/moped-1.5.2/lib/moped/cursor.rb:26:in `each'", "/home/kubo/oacis/vendor/bundle/ruby/1.9.1/gems/moped-1.5.2/lib/moped/query.rb:76:in `each'", "/home/kubo/oacis/vendor/bundle/ruby/1.9.1/gems/moped-1.5.2/lib/moped/query.rb:76:in `each'", "/home/kubo/oacis/vendor/bundle/ruby/1.9.1/gems/mongoid-3.1.6/lib/mongoid/contextual/mongo.rb:122:in `block in each'", "/home/kubo/oacis/vendor/bundle/ruby/1.9.1/gems/mongoid-3.1.6/lib/mongoid/contextual/mongo.rb:619:in `selecting'", "/home/kubo/oacis/vendor/bundle/ruby/1.9.1/gems/mongoid-3.1.6/lib/mongoid/contextual/mongo.rb:121:in `each'", "/home/kubo/oacis/vendor/bundle/ruby/1.9.1/gems/mongoid-3.1.6/lib/mongoid/contextual.rb:19:in `each'", "/home/kubo/oacis/app/workers/job_submitter.rb:5:in `perform'", "/home/kubo/oacis/app/workers/job_worker.rb:20:in `block in start'", "/home/kubo/oacis/app/workers/job_worker.rb:19:in `loop'", "/home/kubo/oacis/app/workers/job_worker.rb:19:in `start'", "/home/kubo/oacis/vendor/bundle/ruby/1.9.1/gems/daemon-spawn-0.4.2/lib/daemon_spawn.rb:51:in `block in start'", "/home/kubo/oacis/vendor/bundle/ruby/1.9.1/gems/daemon-spawn-0.4.2/lib/daemon_spawn.rb:38:in `fork'", "/home/kubo/oacis/vendor/bundle/ruby/1.9.1/gems/daemon-spawn-0.4.2/lib/daemon_spawn.rb:38:in `start'", "/home/kubo/oacis/vendor/bundle/ruby/1.9.1/gems/daemon-spawn-0.4.2/lib/daemon_spawn.rb:181:in `block in start'", "/home/kubo/oacis/vendor/bundle/ruby/1.9.1/gems/daemon-spawn-0.4.2/lib/daemon_spawn.rb:181:in `map'", "/home/kubo/oacis/vendor/bundle/ruby/1.9.1/gems/daemon-spawn-0.4.2/lib/daemon_spawn.rb:181:in `start'", "/home/kubo/oacis/vendor/bundle/ruby/1.9.1/gems/daemon-spawn-0.4.2/lib/daemon_spawn.rb:165:in `spawn!'", "/home/kubo/oacis/app/workers/job_worker.rb:59:in `<main>'"]
submitting jobs to medusagw: []
submitting jobs to medusagw: []
submitting jobs to medusagw: []
submitting jobs to localhost: []
submitting jobs to localhost: []
submitting jobs to localhost: []
observing 01
observing 02
observing 03
observing 04
observing 05
observing 06
observing 07
observing 08
observing 09
observing 10
observing 11
observing 12
observing 13
observing 14
observing 15
observing 16
observing 17
observing 18
observing 19
observing 20
observing kubo-desktop
observing medusagw
observing localhost
